ERROR - 2022-11-15 01:38:44 --> Error connecting to the database: mysqli_sql_exception: No connection could be made because the target machine actively refused it.
 in E:\Kumpulan Project Vs code\ProjectBetaTeam\projectteambeta\system\Database\MySQLi\Connection.php:171
Stack trace:
#0 E:\Kumpulan Project Vs code\ProjectBetaTeam\projectteambeta\system\Database\MySQLi\Connection.php(171): mysqli->real_connect('localhost', 'root', '', 'projectteambeta', 3306, '', 0)
#1 E:\Kumpulan Project Vs code\ProjectBetaTeam\projectteambeta\system\Database\BaseConnection.php(382): CodeIgniter\Database\MySQLi\Connection->connect(false)
#2 E:\Kumpulan Project Vs code\ProjectBetaTeam\projectteambeta\system\Database\BaseConnection.php(561): CodeIgniter\Database\BaseConnection->initialize()
#3 E:\Kumpulan Project Vs code\ProjectBetaTeam\projectteambeta\system\Database\BaseBuilder.php(1585): CodeIgniter\Database\BaseConnection->query('SELECT *\nFROM `...', Array, false)
#4 E:\Kumpulan Project Vs code\ProjectBetaTeam\projectteambeta\system\Model.php(772): CodeIgniter\Database\BaseBuilder->get()
#5 E:\Kumpulan Project Vs code\ProjectBetaTeam\projectteambeta\app\Models\ItemModel.php(45): CodeIgniter\Model->__call('get', Array)
#6 E:\Kumpulan Project Vs code\ProjectBetaTeam\projectteambeta\app\Controllers\Items.php(26): App\Models\ItemModel->get_all_data()
#7 E:\Kumpulan Project Vs code\ProjectBetaTeam\projectteambeta\system\CodeIgniter.php(927): App\Controllers\Items->index()
#8 E:\Kumpulan Project Vs code\ProjectBetaTeam\projectteambeta\system\CodeIgniter.php(482): CodeIgniter\CodeIgniter->runController(Object(App\Controllers\Items))
#9 E:\Kumpulan Project Vs code\ProjectBetaTeam\projectteambeta\system\CodeIgniter.php(351): CodeIgniter\CodeIgniter->handleRequest(NULL, Object(Config\Cache), false)
#10 E:\Kumpulan Project Vs code\ProjectBetaTeam\projectteambeta\public\index.php(67): CodeIgniter\CodeIgniter->run()
#11 E:\Kumpulan Project Vs code\ProjectBetaTeam\projectteambeta\system\Commands\Server\rewrite.php(46): require_once('E:\\Kumpulan Pro...')
#12 {main}

Next CodeIgniter\Database\Exceptions\DatabaseException: No connection could be made because the target machine actively refused it.
 in E:\Kumpulan Project Vs code\ProjectBetaTeam\projectteambeta\system\Database\MySQLi\Connection.php:215
Stack trace:
#0 E:\Kumpulan Project Vs code\ProjectBetaTeam\projectteambeta\system\Database\BaseConnection.php(382): CodeIgniter\Database\MySQLi\Connection->connect(false)
#1 E:\Kumpulan Project Vs code\ProjectBetaTeam\projectteambeta\system\Database\BaseConnection.php(561): CodeIgniter\Database\BaseConnection->initialize()
#2 E:\Kumpulan Project Vs code\ProjectBetaTeam\projectteambeta\system\Database\BaseBuilder.php(1585): CodeIgniter\Database\BaseConnection->query('SELECT *\nFROM `...', Array, false)
#3 E:\Kumpulan Project Vs code\ProjectBetaTeam\projectteambeta\system\Model.php(772): CodeIgniter\Database\BaseBuilder->get()
#4 E:\Kumpulan Project Vs code\ProjectBetaTeam\projectteambeta\app\Models\ItemModel.php(45): CodeIgniter\Model->__call('get', Array)
#5 E:\Kumpulan Project Vs code\ProjectBetaTeam\projectteambeta\app\Controllers\Items.php(26): App\Models\ItemModel->get_all_data()
#6 E:\Kumpulan Project Vs code\ProjectBetaTeam\projectteambeta\system\CodeIgniter.php(927): App\Controllers\Items->index()
#7 E:\Kumpulan Project Vs code\ProjectBetaTeam\projectteambeta\system\CodeIgniter.php(482): CodeIgniter\CodeIgniter->runController(Object(App\Controllers\Items))
#8 E:\Kumpulan Project Vs code\ProjectBetaTeam\projectteambeta\system\CodeIgniter.php(351): CodeIgniter\CodeIgniter->handleRequest(NULL, Object(Config\Cache), false)
#9 E:\Kumpulan Project Vs code\ProjectBetaTeam\projectteambeta\public\index.php(67): CodeIgniter\CodeIgniter->run()
#10 E:\Kumpulan Project Vs code\ProjectBetaTeam\projectteambeta\system\Commands\Server\rewrite.php(46): require_once('E:\\Kumpulan Pro...')
#11 {main}
CRITICAL - 2022-11-15 01:38:44 --> Unable to connect to the database.
Main connection [MySQLi]: No connection could be made because the target machine actively refused it.

in SYSTEMPATH\Database\BaseConnection.php on line 418.
 1 SYSTEMPATH\Database\BaseConnection.php(561): CodeIgniter\Database\BaseConnection->initialize()
 2 SYSTEMPATH\Database\BaseBuilder.php(1585): CodeIgniter\Database\BaseConnection->query('SELECT *
FROM `items`', [], false)
 3 SYSTEMPATH\Model.php(772): CodeIgniter\Database\BaseBuilder->get()
 4 APPPATH\Models\ItemModel.php(45): CodeIgniter\Model->__call('get', [])
 5 APPPATH\Controllers\Items.php(26): App\Models\ItemModel->get_all_data()
 6 SYSTEMPATH\CodeIgniter.php(927): App\Controllers\Items->index()
 7 SYSTEMPATH\CodeIgniter.php(482): CodeIgniter\CodeIgniter->runController(Object(App\Controllers\Items))
 8 SYSTEMPATH\CodeIgniter.php(351): CodeIgniter\CodeIgniter->handleRequest(null, Object(Config\Cache), false)
 9 FCPATH\index.php(67): CodeIgniter\CodeIgniter->run()
10 SYSTEMPATH\Commands\Server\rewrite.php(46): require_once('FCPATH\\index.php')
ERROR - 2022-11-15 01:52:35 --> Error connecting to the database: mysqli_sql_exception: No connection could be made because the target machine actively refused it.
 in E:\Kumpulan Project Vs code\ProjectBetaTeam\projectteambeta\system\Database\MySQLi\Connection.php:171
Stack trace:
#0 E:\Kumpulan Project Vs code\ProjectBetaTeam\projectteambeta\system\Database\MySQLi\Connection.php(171): mysqli->real_connect('localhost', 'root', '', 'projectteambeta', 3306, '', 0)
#1 E:\Kumpulan Project Vs code\ProjectBetaTeam\projectteambeta\system\Database\BaseConnection.php(382): CodeIgniter\Database\MySQLi\Connection->connect(false)
#2 E:\Kumpulan Project Vs code\ProjectBetaTeam\projectteambeta\system\Database\BaseConnection.php(561): CodeIgniter\Database\BaseConnection->initialize()
#3 E:\Kumpulan Project Vs code\ProjectBetaTeam\projectteambeta\system\Database\BaseBuilder.php(1585): CodeIgniter\Database\BaseConnection->query('SELECT *\nFROM `...', Array, false)
#4 E:\Kumpulan Project Vs code\ProjectBetaTeam\projectteambeta\system\Model.php(772): CodeIgniter\Database\BaseBuilder->get()
#5 E:\Kumpulan Project Vs code\ProjectBetaTeam\projectteambeta\app\Models\ItemModel.php(45): CodeIgniter\Model->__call('get', Array)
#6 E:\Kumpulan Project Vs code\ProjectBetaTeam\projectteambeta\app\Controllers\Items.php(26): App\Models\ItemModel->get_all_data()
#7 E:\Kumpulan Project Vs code\ProjectBetaTeam\projectteambeta\system\CodeIgniter.php(927): App\Controllers\Items->index()
#8 E:\Kumpulan Project Vs code\ProjectBetaTeam\projectteambeta\system\CodeIgniter.php(482): CodeIgniter\CodeIgniter->runController(Object(App\Controllers\Items))
#9 E:\Kumpulan Project Vs code\ProjectBetaTeam\projectteambeta\system\CodeIgniter.php(351): CodeIgniter\CodeIgniter->handleRequest(NULL, Object(Config\Cache), false)
#10 E:\Kumpulan Project Vs code\ProjectBetaTeam\projectteambeta\public\index.php(67): CodeIgniter\CodeIgniter->run()
#11 E:\Kumpulan Project Vs code\ProjectBetaTeam\projectteambeta\system\Commands\Server\rewrite.php(46): require_once('E:\\Kumpulan Pro...')
#12 {main}

Next CodeIgniter\Database\Exceptions\DatabaseException: No connection could be made because the target machine actively refused it.
 in E:\Kumpulan Project Vs code\ProjectBetaTeam\projectteambeta\system\Database\MySQLi\Connection.php:215
Stack trace:
#0 E:\Kumpulan Project Vs code\ProjectBetaTeam\projectteambeta\system\Database\BaseConnection.php(382): CodeIgniter\Database\MySQLi\Connection->connect(false)
#1 E:\Kumpulan Project Vs code\ProjectBetaTeam\projectteambeta\system\Database\BaseConnection.php(561): CodeIgniter\Database\BaseConnection->initialize()
#2 E:\Kumpulan Project Vs code\ProjectBetaTeam\projectteambeta\system\Database\BaseBuilder.php(1585): CodeIgniter\Database\BaseConnection->query('SELECT *\nFROM `...', Array, false)
#3 E:\Kumpulan Project Vs code\ProjectBetaTeam\projectteambeta\system\Model.php(772): CodeIgniter\Database\BaseBuilder->get()
#4 E:\Kumpulan Project Vs code\ProjectBetaTeam\projectteambeta\app\Models\ItemModel.php(45): CodeIgniter\Model->__call('get', Array)
#5 E:\Kumpulan Project Vs code\ProjectBetaTeam\projectteambeta\app\Controllers\Items.php(26): App\Models\ItemModel->get_all_data()
#6 E:\Kumpulan Project Vs code\ProjectBetaTeam\projectteambeta\system\CodeIgniter.php(927): App\Controllers\Items->index()
#7 E:\Kumpulan Project Vs code\ProjectBetaTeam\projectteambeta\system\CodeIgniter.php(482): CodeIgniter\CodeIgniter->runController(Object(App\Controllers\Items))
#8 E:\Kumpulan Project Vs code\ProjectBetaTeam\projectteambeta\system\CodeIgniter.php(351): CodeIgniter\CodeIgniter->handleRequest(NULL, Object(Config\Cache), false)
#9 E:\Kumpulan Project Vs code\ProjectBetaTeam\projectteambeta\public\index.php(67): CodeIgniter\CodeIgniter->run()
#10 E:\Kumpulan Project Vs code\ProjectBetaTeam\projectteambeta\system\Commands\Server\rewrite.php(46): require_once('E:\\Kumpulan Pro...')
#11 {main}
CRITICAL - 2022-11-15 01:52:35 --> Unable to connect to the database.
Main connection [MySQLi]: No connection could be made because the target machine actively refused it.

in SYSTEMPATH\Database\BaseConnection.php on line 418.
 1 SYSTEMPATH\Database\BaseConnection.php(561): CodeIgniter\Database\BaseConnection->initialize()
 2 SYSTEMPATH\Database\BaseBuilder.php(1585): CodeIgniter\Database\BaseConnection->query('SELECT *
FROM `items`', [], false)
 3 SYSTEMPATH\Model.php(772): CodeIgniter\Database\BaseBuilder->get()
 4 APPPATH\Models\ItemModel.php(45): CodeIgniter\Model->__call('get', [])
 5 APPPATH\Controllers\Items.php(26): App\Models\ItemModel->get_all_data()
 6 SYSTEMPATH\CodeIgniter.php(927): App\Controllers\Items->index()
 7 SYSTEMPATH\CodeIgniter.php(482): CodeIgniter\CodeIgniter->runController(Object(App\Controllers\Items))
 8 SYSTEMPATH\CodeIgniter.php(351): CodeIgniter\CodeIgniter->handleRequest(null, Object(Config\Cache), false)
 9 FCPATH\index.php(67): CodeIgniter\CodeIgniter->run()
10 SYSTEMPATH\Commands\Server\rewrite.php(46): require_once('FCPATH\\index.php')
ERROR - 2022-11-15 01:53:36 --> Error connecting to the database: mysqli_sql_exception: No connection could be made because the target machine actively refused it.
 in E:\Kumpulan Project Vs code\ProjectBetaTeam\projectteambeta\system\Database\MySQLi\Connection.php:171
Stack trace:
#0 E:\Kumpulan Project Vs code\ProjectBetaTeam\projectteambeta\system\Database\MySQLi\Connection.php(171): mysqli->real_connect('localhost', 'root', '', 'projectteambeta', 3306, '', 0)
#1 E:\Kumpulan Project Vs code\ProjectBetaTeam\projectteambeta\system\Database\BaseConnection.php(382): CodeIgniter\Database\MySQLi\Connection->connect(false)
#2 E:\Kumpulan Project Vs code\ProjectBetaTeam\projectteambeta\system\Database\BaseConnection.php(561): CodeIgniter\Database\BaseConnection->initialize()
#3 E:\Kumpulan Project Vs code\ProjectBetaTeam\projectteambeta\system\Database\BaseBuilder.php(1916): CodeIgniter\Database\BaseConnection->query('INSERT INTO `it...', Array, false)
#4 E:\Kumpulan Project Vs code\ProjectBetaTeam\projectteambeta\system\Model.php(279): CodeIgniter\Database\BaseBuilder->insert()
#5 E:\Kumpulan Project Vs code\ProjectBetaTeam\projectteambeta\system\BaseModel.php(749): CodeIgniter\Model->doInsert(Array)
#6 E:\Kumpulan Project Vs code\ProjectBetaTeam\projectteambeta\system\Model.php(667): CodeIgniter\BaseModel->insert(Array, false)
#7 E:\Kumpulan Project Vs code\ProjectBetaTeam\projectteambeta\system\BaseModel.php(659): CodeIgniter\Model->insert(Array, false)
#8 E:\Kumpulan Project Vs code\ProjectBetaTeam\projectteambeta\app\Models\ItemModel.php(77): CodeIgniter\BaseModel->save(Array)
#9 E:\Kumpulan Project Vs code\ProjectBetaTeam\projectteambeta\app\Controllers\Items.php(52): App\Models\ItemModel->create_data(Object(CodeIgniter\HTTP\IncomingRequest))
#10 E:\Kumpulan Project Vs code\ProjectBetaTeam\projectteambeta\system\CodeIgniter.php(927): App\Controllers\Items->create()
#11 E:\Kumpulan Project Vs code\ProjectBetaTeam\projectteambeta\system\CodeIgniter.php(482): CodeIgniter\CodeIgniter->runController(Object(App\Controllers\Items))
#12 E:\Kumpulan Project Vs code\ProjectBetaTeam\projectteambeta\system\CodeIgniter.php(351): CodeIgniter\CodeIgniter->handleRequest(NULL, Object(Config\Cache), false)
#13 E:\Kumpulan Project Vs code\ProjectBetaTeam\projectteambeta\public\index.php(67): CodeIgniter\CodeIgniter->run()
#14 E:\Kumpulan Project Vs code\ProjectBetaTeam\projectteambeta\system\Commands\Server\rewrite.php(46): require_once('E:\\Kumpulan Pro...')
#15 {main}

Next CodeIgniter\Database\Exceptions\DatabaseException: No connection could be made because the target machine actively refused it.
 in E:\Kumpulan Project Vs code\ProjectBetaTeam\projectteambeta\system\Database\MySQLi\Connection.php:215
Stack trace:
#0 E:\Kumpulan Project Vs code\ProjectBetaTeam\projectteambeta\system\Database\BaseConnection.php(382): CodeIgniter\Database\MySQLi\Connection->connect(false)
#1 E:\Kumpulan Project Vs code\ProjectBetaTeam\projectteambeta\system\Database\BaseConnection.php(561): CodeIgniter\Database\BaseConnection->initialize()
#2 E:\Kumpulan Project Vs code\ProjectBetaTeam\projectteambeta\system\Database\BaseBuilder.php(1916): CodeIgniter\Database\BaseConnection->query('INSERT INTO `it...', Array, false)
#3 E:\Kumpulan Project Vs code\ProjectBetaTeam\projectteambeta\system\Model.php(279): CodeIgniter\Database\BaseBuilder->insert()
#4 E:\Kumpulan Project Vs code\ProjectBetaTeam\projectteambeta\system\BaseModel.php(749): CodeIgniter\Model->doInsert(Array)
#5 E:\Kumpulan Project Vs code\ProjectBetaTeam\projectteambeta\system\Model.php(667): CodeIgniter\BaseModel->insert(Array, false)
#6 E:\Kumpulan Project Vs code\ProjectBetaTeam\projectteambeta\system\BaseModel.php(659): CodeIgniter\Model->insert(Array, false)
#7 E:\Kumpulan Project Vs code\ProjectBetaTeam\projectteambeta\app\Models\ItemModel.php(77): CodeIgniter\BaseModel->save(Array)
#8 E:\Kumpulan Project Vs code\ProjectBetaTeam\projectteambeta\app\Controllers\Items.php(52): App\Models\ItemModel->create_data(Object(CodeIgniter\HTTP\IncomingRequest))
#9 E:\Kumpulan Project Vs code\ProjectBetaTeam\projectteambeta\system\CodeIgniter.php(927): App\Controllers\Items->create()
#10 E:\Kumpulan Project Vs code\ProjectBetaTeam\projectteambeta\system\CodeIgniter.php(482): CodeIgniter\CodeIgniter->runController(Object(App\Controllers\Items))
#11 E:\Kumpulan Project Vs code\ProjectBetaTeam\projectteambeta\system\CodeIgniter.php(351): CodeIgniter\CodeIgniter->handleRequest(NULL, Object(Config\Cache), false)
#12 E:\Kumpulan Project Vs code\ProjectBetaTeam\projectteambeta\public\index.php(67): CodeIgniter\CodeIgniter->run()
#13 E:\Kumpulan Project Vs code\ProjectBetaTeam\projectteambeta\system\Commands\Server\rewrite.php(46): require_once('E:\\Kumpulan Pro...')
#14 {main}
CRITICAL - 2022-11-15 01:53:36 --> Unable to connect to the database.
Main connection [MySQLi]: No connection could be made because the target machine actively refused it.

in SYSTEMPATH\Database\BaseConnection.php on line 418.
 1 SYSTEMPATH\Database\BaseConnection.php(561): CodeIgniter\Database\BaseConnection->initialize()
 2 SYSTEMPATH\Database\BaseBuilder.php(1916): CodeIgniter\Database\BaseConnection->query('INSERT INTO `items` (`name`, `publisher`, `book_category`, `price`, `qty`) VALUES (:name:, :publisher:, :book_category:, :price:, :qty:)', [...], false)
 3 SYSTEMPATH\Model.php(279): CodeIgniter\Database\BaseBuilder->insert()
 4 SYSTEMPATH\BaseModel.php(749): CodeIgniter\Model->doInsert([...])
 5 SYSTEMPATH\Model.php(667): CodeIgniter\BaseModel->insert([...], false)
 6 SYSTEMPATH\BaseModel.php(659): CodeIgniter\Model->insert([...], false)
 7 APPPATH\Models\ItemModel.php(77): CodeIgniter\BaseModel->save([...])
 8 APPPATH\Controllers\Items.php(52): App\Models\ItemModel->create_data(Object(CodeIgniter\HTTP\IncomingRequest))
 9 SYSTEMPATH\CodeIgniter.php(927): App\Controllers\Items->create()
10 SYSTEMPATH\CodeIgniter.php(482): CodeIgniter\CodeIgniter->runController(Object(App\Controllers\Items))
11 SYSTEMPATH\CodeIgniter.php(351): CodeIgniter\CodeIgniter->handleRequest(null, Object(Config\Cache), false)
12 FCPATH\index.php(67): CodeIgniter\CodeIgniter->run()
13 SYSTEMPATH\Commands\Server\rewrite.php(46): require_once('FCPATH\\index.php')
ERROR - 2022-11-15 01:57:26 --> Error connecting to the database: mysqli_sql_exception: No connection could be made because the target machine actively refused it.
 in E:\Kumpulan Project Vs code\ProjectBetaTeam\projectteambeta\system\Database\MySQLi\Connection.php:171
Stack trace:
#0 E:\Kumpulan Project Vs code\ProjectBetaTeam\projectteambeta\system\Database\MySQLi\Connection.php(171): mysqli->real_connect('localhost', 'root', '', 'projectteambeta', 3306, '', 0)
#1 E:\Kumpulan Project Vs code\ProjectBetaTeam\projectteambeta\system\Database\BaseConnection.php(382): CodeIgniter\Database\MySQLi\Connection->connect(false)
#2 E:\Kumpulan Project Vs code\ProjectBetaTeam\projectteambeta\system\Database\BaseConnection.php(561): CodeIgniter\Database\BaseConnection->initialize()
#3 E:\Kumpulan Project Vs code\ProjectBetaTeam\projectteambeta\system\Database\BaseBuilder.php(1585): CodeIgniter\Database\BaseConnection->query('SELECT *\nFROM `...', Array, false)
#4 E:\Kumpulan Project Vs code\ProjectBetaTeam\projectteambeta\system\Model.php(772): CodeIgniter\Database\BaseBuilder->get()
#5 E:\Kumpulan Project Vs code\ProjectBetaTeam\projectteambeta\app\Models\ItemModel.php(45): CodeIgniter\Model->__call('get', Array)
#6 E:\Kumpulan Project Vs code\ProjectBetaTeam\projectteambeta\app\Controllers\Items.php(26): App\Models\ItemModel->get_all_data()
#7 E:\Kumpulan Project Vs code\ProjectBetaTeam\projectteambeta\system\CodeIgniter.php(927): App\Controllers\Items->index()
#8 E:\Kumpulan Project Vs code\ProjectBetaTeam\projectteambeta\system\CodeIgniter.php(482): CodeIgniter\CodeIgniter->runController(Object(App\Controllers\Items))
#9 E:\Kumpulan Project Vs code\ProjectBetaTeam\projectteambeta\system\CodeIgniter.php(351): CodeIgniter\CodeIgniter->handleRequest(NULL, Object(Config\Cache), false)
#10 E:\Kumpulan Project Vs code\ProjectBetaTeam\projectteambeta\public\index.php(67): CodeIgniter\CodeIgniter->run()
#11 E:\Kumpulan Project Vs code\ProjectBetaTeam\projectteambeta\system\Commands\Server\rewrite.php(46): require_once('E:\\Kumpulan Pro...')
#12 {main}

Next CodeIgniter\Database\Exceptions\DatabaseException: No connection could be made because the target machine actively refused it.
 in E:\Kumpulan Project Vs code\ProjectBetaTeam\projectteambeta\system\Database\MySQLi\Connection.php:215
Stack trace:
#0 E:\Kumpulan Project Vs code\ProjectBetaTeam\projectteambeta\system\Database\BaseConnection.php(382): CodeIgniter\Database\MySQLi\Connection->connect(false)
#1 E:\Kumpulan Project Vs code\ProjectBetaTeam\projectteambeta\system\Database\BaseConnection.php(561): CodeIgniter\Database\BaseConnection->initialize()
#2 E:\Kumpulan Project Vs code\ProjectBetaTeam\projectteambeta\system\Database\BaseBuilder.php(1585): CodeIgniter\Database\BaseConnection->query('SELECT *\nFROM `...', Array, false)
#3 E:\Kumpulan Project Vs code\ProjectBetaTeam\projectteambeta\system\Model.php(772): CodeIgniter\Database\BaseBuilder->get()
#4 E:\Kumpulan Project Vs code\ProjectBetaTeam\projectteambeta\app\Models\ItemModel.php(45): CodeIgniter\Model->__call('get', Array)
#5 E:\Kumpulan Project Vs code\ProjectBetaTeam\projectteambeta\app\Controllers\Items.php(26): App\Models\ItemModel->get_all_data()
#6 E:\Kumpulan Project Vs code\ProjectBetaTeam\projectteambeta\system\CodeIgniter.php(927): App\Controllers\Items->index()
#7 E:\Kumpulan Project Vs code\ProjectBetaTeam\projectteambeta\system\CodeIgniter.php(482): CodeIgniter\CodeIgniter->runController(Object(App\Controllers\Items))
#8 E:\Kumpulan Project Vs code\ProjectBetaTeam\projectteambeta\system\CodeIgniter.php(351): CodeIgniter\CodeIgniter->handleRequest(NULL, Object(Config\Cache), false)
#9 E:\Kumpulan Project Vs code\ProjectBetaTeam\projectteambeta\public\index.php(67): CodeIgniter\CodeIgniter->run()
#10 E:\Kumpulan Project Vs code\ProjectBetaTeam\projectteambeta\system\Commands\Server\rewrite.php(46): require_once('E:\\Kumpulan Pro...')
#11 {main}
CRITICAL - 2022-11-15 01:57:26 --> Unable to connect to the database.
Main connection [MySQLi]: No connection could be made because the target machine actively refused it.

in SYSTEMPATH\Database\BaseConnection.php on line 418.
 1 SYSTEMPATH\Database\BaseConnection.php(561): CodeIgniter\Database\BaseConnection->initialize()
 2 SYSTEMPATH\Database\BaseBuilder.php(1585): CodeIgniter\Database\BaseConnection->query('SELECT *
FROM `items`', [], false)
 3 SYSTEMPATH\Model.php(772): CodeIgniter\Database\BaseBuilder->get()
 4 APPPATH\Models\ItemModel.php(45): CodeIgniter\Model->__call('get', [])
 5 APPPATH\Controllers\Items.php(26): App\Models\ItemModel->get_all_data()
 6 SYSTEMPATH\CodeIgniter.php(927): App\Controllers\Items->index()
 7 SYSTEMPATH\CodeIgniter.php(482): CodeIgniter\CodeIgniter->runController(Object(App\Controllers\Items))
 8 SYSTEMPATH\CodeIgniter.php(351): CodeIgniter\CodeIgniter->handleRequest(null, Object(Config\Cache), false)
 9 FCPATH\index.php(67): CodeIgniter\CodeIgniter->run()
10 SYSTEMPATH\Commands\Server\rewrite.php(46): require_once('FCPATH\\index.php')
ERROR - 2022-11-15 01:58:16 --> Error connecting to the database: mysqli_sql_exception: No connection could be made because the target machine actively refused it.
 in E:\Kumpulan Project Vs code\ProjectBetaTeam\projectteambeta\system\Database\MySQLi\Connection.php:171
Stack trace:
#0 E:\Kumpulan Project Vs code\ProjectBetaTeam\projectteambeta\system\Database\MySQLi\Connection.php(171): mysqli->real_connect('localhost', 'root', '', 'projectteambeta', 3306, '', 0)
#1 E:\Kumpulan Project Vs code\ProjectBetaTeam\projectteambeta\system\Database\BaseConnection.php(382): CodeIgniter\Database\MySQLi\Connection->connect(false)
#2 E:\Kumpulan Project Vs code\ProjectBetaTeam\projectteambeta\system\Database\BaseConnection.php(561): CodeIgniter\Database\BaseConnection->initialize()
#3 E:\Kumpulan Project Vs code\ProjectBetaTeam\projectteambeta\system\Database\BaseBuilder.php(1585): CodeIgniter\Database\BaseConnection->query('SELECT *\nFROM `...', Array, false)
#4 E:\Kumpulan Project Vs code\ProjectBetaTeam\projectteambeta\system\Model.php(772): CodeIgniter\Database\BaseBuilder->get()
#5 E:\Kumpulan Project Vs code\ProjectBetaTeam\projectteambeta\app\Models\ItemModel.php(45): CodeIgniter\Model->__call('get', Array)
#6 E:\Kumpulan Project Vs code\ProjectBetaTeam\projectteambeta\app\Controllers\Items.php(26): App\Models\ItemModel->get_all_data()
#7 E:\Kumpulan Project Vs code\ProjectBetaTeam\projectteambeta\system\CodeIgniter.php(927): App\Controllers\Items->index()
#8 E:\Kumpulan Project Vs code\ProjectBetaTeam\projectteambeta\system\CodeIgniter.php(482): CodeIgniter\CodeIgniter->runController(Object(App\Controllers\Items))
#9 E:\Kumpulan Project Vs code\ProjectBetaTeam\projectteambeta\system\CodeIgniter.php(351): CodeIgniter\CodeIgniter->handleRequest(NULL, Object(Config\Cache), false)
#10 E:\Kumpulan Project Vs code\ProjectBetaTeam\projectteambeta\public\index.php(67): CodeIgniter\CodeIgniter->run()
#11 E:\Kumpulan Project Vs code\ProjectBetaTeam\projectteambeta\system\Commands\Server\rewrite.php(46): require_once('E:\\Kumpulan Pro...')
#12 {main}

Next CodeIgniter\Database\Exceptions\DatabaseException: No connection could be made because the target machine actively refused it.
 in E:\Kumpulan Project Vs code\ProjectBetaTeam\projectteambeta\system\Database\MySQLi\Connection.php:215
Stack trace:
#0 E:\Kumpulan Project Vs code\ProjectBetaTeam\projectteambeta\system\Database\BaseConnection.php(382): CodeIgniter\Database\MySQLi\Connection->connect(false)
#1 E:\Kumpulan Project Vs code\ProjectBetaTeam\projectteambeta\system\Database\BaseConnection.php(561): CodeIgniter\Database\BaseConnection->initialize()
#2 E:\Kumpulan Project Vs code\ProjectBetaTeam\projectteambeta\system\Database\BaseBuilder.php(1585): CodeIgniter\Database\BaseConnection->query('SELECT *\nFROM `...', Array, false)
#3 E:\Kumpulan Project Vs code\ProjectBetaTeam\projectteambeta\system\Model.php(772): CodeIgniter\Database\BaseBuilder->get()
#4 E:\Kumpulan Project Vs code\ProjectBetaTeam\projectteambeta\app\Models\ItemModel.php(45): CodeIgniter\Model->__call('get', Array)
#5 E:\Kumpulan Project Vs code\ProjectBetaTeam\projectteambeta\app\Controllers\Items.php(26): App\Models\ItemModel->get_all_data()
#6 E:\Kumpulan Project Vs code\ProjectBetaTeam\projectteambeta\system\CodeIgniter.php(927): App\Controllers\Items->index()
#7 E:\Kumpulan Project Vs code\ProjectBetaTeam\projectteambeta\system\CodeIgniter.php(482): CodeIgniter\CodeIgniter->runController(Object(App\Controllers\Items))
#8 E:\Kumpulan Project Vs code\ProjectBetaTeam\projectteambeta\system\CodeIgniter.php(351): CodeIgniter\CodeIgniter->handleRequest(NULL, Object(Config\Cache), false)
#9 E:\Kumpulan Project Vs code\ProjectBetaTeam\projectteambeta\public\index.php(67): CodeIgniter\CodeIgniter->run()
#10 E:\Kumpulan Project Vs code\ProjectBetaTeam\projectteambeta\system\Commands\Server\rewrite.php(46): require_once('E:\\Kumpulan Pro...')
#11 {main}
CRITICAL - 2022-11-15 01:58:16 --> Unable to connect to the database.
Main connection [MySQLi]: No connection could be made because the target machine actively refused it.

in SYSTEMPATH\Database\BaseConnection.php on line 418.
 1 SYSTEMPATH\Database\BaseConnection.php(561): CodeIgniter\Database\BaseConnection->initialize()
 2 SYSTEMPATH\Database\BaseBuilder.php(1585): CodeIgniter\Database\BaseConnection->query('SELECT *
FROM `items`', [], false)
 3 SYSTEMPATH\Model.php(772): CodeIgniter\Database\BaseBuilder->get()
 4 APPPATH\Models\ItemModel.php(45): CodeIgniter\Model->__call('get', [])
 5 APPPATH\Controllers\Items.php(26): App\Models\ItemModel->get_all_data()
 6 SYSTEMPATH\CodeIgniter.php(927): App\Controllers\Items->index()
 7 SYSTEMPATH\CodeIgniter.php(482): CodeIgniter\CodeIgniter->runController(Object(App\Controllers\Items))
 8 SYSTEMPATH\CodeIgniter.php(351): CodeIgniter\CodeIgniter->handleRequest(null, Object(Config\Cache), false)
 9 FCPATH\index.php(67): CodeIgniter\CodeIgniter->run()
10 SYSTEMPATH\Commands\Server\rewrite.php(46): require_once('FCPATH\\index.php')
ERROR - 2022-11-15 01:59:17 --> mysqli_sql_exception: Table 'projectteambeta.items' doesn't exist in E:\Kumpulan Project Vs code\ProjectBetaTeam\projectteambeta\system\Database\MySQLi\Connection.php:292
Stack trace:
#0 E:\Kumpulan Project Vs code\ProjectBetaTeam\projectteambeta\system\Database\MySQLi\Connection.php(292): mysqli->query('SELECT *\nFROM `...', 0)
#1 E:\Kumpulan Project Vs code\ProjectBetaTeam\projectteambeta\system\Database\BaseConnection.php(666): CodeIgniter\Database\MySQLi\Connection->execute('SELECT *\nFROM `...')
#2 E:\Kumpulan Project Vs code\ProjectBetaTeam\projectteambeta\system\Database\BaseConnection.php(593): CodeIgniter\Database\BaseConnection->simpleQuery('SELECT *\nFROM `...')
#3 E:\Kumpulan Project Vs code\ProjectBetaTeam\projectteambeta\system\Database\BaseBuilder.php(1585): CodeIgniter\Database\BaseConnection->query('SELECT *\nFROM `...', Array, false)
#4 E:\Kumpulan Project Vs code\ProjectBetaTeam\projectteambeta\system\Model.php(772): CodeIgniter\Database\BaseBuilder->get()
#5 E:\Kumpulan Project Vs code\ProjectBetaTeam\projectteambeta\app\Models\ItemModel.php(45): CodeIgniter\Model->__call('get', Array)
#6 E:\Kumpulan Project Vs code\ProjectBetaTeam\projectteambeta\app\Controllers\Items.php(26): App\Models\ItemModel->get_all_data()
#7 E:\Kumpulan Project Vs code\ProjectBetaTeam\projectteambeta\system\CodeIgniter.php(927): App\Controllers\Items->index()
#8 E:\Kumpulan Project Vs code\ProjectBetaTeam\projectteambeta\system\CodeIgniter.php(482): CodeIgniter\CodeIgniter->runController(Object(App\Controllers\Items))
#9 E:\Kumpulan Project Vs code\ProjectBetaTeam\projectteambeta\system\CodeIgniter.php(351): CodeIgniter\CodeIgniter->handleRequest(NULL, Object(Config\Cache), false)
#10 E:\Kumpulan Project Vs code\ProjectBetaTeam\projectteambeta\public\index.php(67): CodeIgniter\CodeIgniter->run()
#11 E:\Kumpulan Project Vs code\ProjectBetaTeam\projectteambeta\system\Commands\Server\rewrite.php(46): require_once('E:\\Kumpulan Pro...')
#12 {main}
CRITICAL - 2022-11-15 01:59:18 --> Table 'projectteambeta.items' doesn't exist
in SYSTEMPATH\Database\MySQLi\Connection.php on line 292.
 1 SYSTEMPATH\Database\MySQLi\Connection.php(292): mysqli->query('SELECT *
FROM `items`', 0)
 2 SYSTEMPATH\Database\BaseConnection.php(666): CodeIgniter\Database\MySQLi\Connection->execute('SELECT *
FROM `items`')
 3 SYSTEMPATH\Database\BaseConnection.php(593): CodeIgniter\Database\BaseConnection->simpleQuery('SELECT *
FROM `items`')
 4 SYSTEMPATH\Database\BaseBuilder.php(1585): CodeIgniter\Database\BaseConnection->query('SELECT *
FROM `items`', [], false)
 5 SYSTEMPATH\Model.php(772): CodeIgniter\Database\BaseBuilder->get()
 6 APPPATH\Models\ItemModel.php(45): CodeIgniter\Model->__call('get', [])
 7 APPPATH\Controllers\Items.php(26): App\Models\ItemModel->get_all_data()
 8 SYSTEMPATH\CodeIgniter.php(927): App\Controllers\Items->index()
 9 SYSTEMPATH\CodeIgniter.php(482): CodeIgniter\CodeIgniter->runController(Object(App\Controllers\Items))
10 SYSTEMPATH\CodeIgniter.php(351): CodeIgniter\CodeIgniter->handleRequest(null, Object(Config\Cache), false)
11 FCPATH\index.php(67): CodeIgniter\CodeIgniter->run()
12 SYSTEMPATH\Commands\Server\rewrite.php(46): require_once('FCPATH\\index.php')
ERROR - 2022-11-15 01:59:18 --> mysqli_sql_exception: Table 'projectteambeta.items' doesn't exist in E:\Kumpulan Project Vs code\ProjectBetaTeam\projectteambeta\system\Database\MySQLi\Connection.php:292
Stack trace:
#0 E:\Kumpulan Project Vs code\ProjectBetaTeam\projectteambeta\system\Database\MySQLi\Connection.php(292): mysqli->query('SELECT *\nFROM `...', 0)
#1 E:\Kumpulan Project Vs code\ProjectBetaTeam\projectteambeta\system\Database\BaseConnection.php(666): CodeIgniter\Database\MySQLi\Connection->execute('SELECT *\nFROM `...')
#2 E:\Kumpulan Project Vs code\ProjectBetaTeam\projectteambeta\system\Database\BaseConnection.php(593): CodeIgniter\Database\BaseConnection->simpleQuery('SELECT *\nFROM `...')
#3 E:\Kumpulan Project Vs code\ProjectBetaTeam\projectteambeta\system\Database\BaseBuilder.php(1585): CodeIgniter\Database\BaseConnection->query('SELECT *\nFROM `...', Array, false)
#4 E:\Kumpulan Project Vs code\ProjectBetaTeam\projectteambeta\system\Model.php(772): CodeIgniter\Database\BaseBuilder->get()
#5 E:\Kumpulan Project Vs code\ProjectBetaTeam\projectteambeta\app\Models\ItemModel.php(45): CodeIgniter\Model->__call('get', Array)
#6 E:\Kumpulan Project Vs code\ProjectBetaTeam\projectteambeta\app\Controllers\Items.php(26): App\Models\ItemModel->get_all_data()
#7 E:\Kumpulan Project Vs code\ProjectBetaTeam\projectteambeta\system\CodeIgniter.php(927): App\Controllers\Items->index()
#8 E:\Kumpulan Project Vs code\ProjectBetaTeam\projectteambeta\system\CodeIgniter.php(482): CodeIgniter\CodeIgniter->runController(Object(App\Controllers\Items))
#9 E:\Kumpulan Project Vs code\ProjectBetaTeam\projectteambeta\system\CodeIgniter.php(351): CodeIgniter\CodeIgniter->handleRequest(NULL, Object(Config\Cache), false)
#10 E:\Kumpulan Project Vs code\ProjectBetaTeam\projectteambeta\public\index.php(67): CodeIgniter\CodeIgniter->run()
#11 E:\Kumpulan Project Vs code\ProjectBetaTeam\projectteambeta\system\Commands\Server\rewrite.php(46): require_once('E:\\Kumpulan Pro...')
#12 {main}
CRITICAL - 2022-11-15 01:59:18 --> Table 'projectteambeta.items' doesn't exist
in SYSTEMPATH\Database\MySQLi\Connection.php on line 292.
 1 SYSTEMPATH\Database\MySQLi\Connection.php(292): mysqli->query('SELECT *
FROM `items`', 0)
 2 SYSTEMPATH\Database\BaseConnection.php(666): CodeIgniter\Database\MySQLi\Connection->execute('SELECT *
FROM `items`')
 3 SYSTEMPATH\Database\BaseConnection.php(593): CodeIgniter\Database\BaseConnection->simpleQuery('SELECT *
FROM `items`')
 4 SYSTEMPATH\Database\BaseBuilder.php(1585): CodeIgniter\Database\BaseConnection->query('SELECT *
FROM `items`', [], false)
 5 SYSTEMPATH\Model.php(772): CodeIgniter\Database\BaseBuilder->get()
 6 APPPATH\Models\ItemModel.php(45): CodeIgniter\Model->__call('get', [])
 7 APPPATH\Controllers\Items.php(26): App\Models\ItemModel->get_all_data()
 8 SYSTEMPATH\CodeIgniter.php(927): App\Controllers\Items->index()
 9 SYSTEMPATH\CodeIgniter.php(482): CodeIgniter\CodeIgniter->runController(Object(App\Controllers\Items))
10 SYSTEMPATH\CodeIgniter.php(351): CodeIgniter\CodeIgniter->handleRequest(null, Object(Config\Cache), false)
11 FCPATH\index.php(67): CodeIgniter\CodeIgniter->run()
12 SYSTEMPATH\Commands\Server\rewrite.php(46): require_once('FCPATH\\index.php')
ERROR - 2022-11-15 02:00:36 --> mysqli_sql_exception: Table 'projectteambeta.items' doesn't exist in E:\Kumpulan Project Vs code\ProjectBetaTeam\projectteambeta\system\Database\MySQLi\Connection.php:292
Stack trace:
#0 E:\Kumpulan Project Vs code\ProjectBetaTeam\projectteambeta\system\Database\MySQLi\Connection.php(292): mysqli->query('SELECT *\nFROM `...', 0)
#1 E:\Kumpulan Project Vs code\ProjectBetaTeam\projectteambeta\system\Database\BaseConnection.php(666): CodeIgniter\Database\MySQLi\Connection->execute('SELECT *\nFROM `...')
#2 E:\Kumpulan Project Vs code\ProjectBetaTeam\projectteambeta\system\Database\BaseConnection.php(593): CodeIgniter\Database\BaseConnection->simpleQuery('SELECT *\nFROM `...')
#3 E:\Kumpulan Project Vs code\ProjectBetaTeam\projectteambeta\system\Database\BaseBuilder.php(1585): CodeIgniter\Database\BaseConnection->query('SELECT *\nFROM `...', Array, false)
#4 E:\Kumpulan Project Vs code\ProjectBetaTeam\projectteambeta\system\Model.php(772): CodeIgniter\Database\BaseBuilder->get()
#5 E:\Kumpulan Project Vs code\ProjectBetaTeam\projectteambeta\app\Models\ItemModel.php(45): CodeIgniter\Model->__call('get', Array)
#6 E:\Kumpulan Project Vs code\ProjectBetaTeam\projectteambeta\app\Controllers\Items.php(26): App\Models\ItemModel->get_all_data()
#7 E:\Kumpulan Project Vs code\ProjectBetaTeam\projectteambeta\system\CodeIgniter.php(927): App\Controllers\Items->index()
#8 E:\Kumpulan Project Vs code\ProjectBetaTeam\projectteambeta\system\CodeIgniter.php(482): CodeIgniter\CodeIgniter->runController(Object(App\Controllers\Items))
#9 E:\Kumpulan Project Vs code\ProjectBetaTeam\projectteambeta\system\CodeIgniter.php(351): CodeIgniter\CodeIgniter->handleRequest(NULL, Object(Config\Cache), false)
#10 E:\Kumpulan Project Vs code\ProjectBetaTeam\projectteambeta\public\index.php(67): CodeIgniter\CodeIgniter->run()
#11 E:\Kumpulan Project Vs code\ProjectBetaTeam\projectteambeta\system\Commands\Server\rewrite.php(46): require_once('E:\\Kumpulan Pro...')
#12 {main}
CRITICAL - 2022-11-15 02:00:36 --> Table 'projectteambeta.items' doesn't exist
in SYSTEMPATH\Database\MySQLi\Connection.php on line 292.
 1 SYSTEMPATH\Database\MySQLi\Connection.php(292): mysqli->query('SELECT *
FROM `items`', 0)
 2 SYSTEMPATH\Database\BaseConnection.php(666): CodeIgniter\Database\MySQLi\Connection->execute('SELECT *
FROM `items`')
 3 SYSTEMPATH\Database\BaseConnection.php(593): CodeIgniter\Database\BaseConnection->simpleQuery('SELECT *
FROM `items`')
 4 SYSTEMPATH\Database\BaseBuilder.php(1585): CodeIgniter\Database\BaseConnection->query('SELECT *
FROM `items`', [], false)
 5 SYSTEMPATH\Model.php(772): CodeIgniter\Database\BaseBuilder->get()
 6 APPPATH\Models\ItemModel.php(45): CodeIgniter\Model->__call('get', [])
 7 APPPATH\Controllers\Items.php(26): App\Models\ItemModel->get_all_data()
 8 SYSTEMPATH\CodeIgniter.php(927): App\Controllers\Items->index()
 9 SYSTEMPATH\CodeIgniter.php(482): CodeIgniter\CodeIgniter->runController(Object(App\Controllers\Items))
10 SYSTEMPATH\CodeIgniter.php(351): CodeIgniter\CodeIgniter->handleRequest(null, Object(Config\Cache), false)
11 FCPATH\index.php(67): CodeIgniter\CodeIgniter->run()
12 SYSTEMPATH\Commands\Server\rewrite.php(46): require_once('FCPATH\\index.php')
ERROR - 2022-11-15 02:00:38 --> mysqli_sql_exception: Table 'projectteambeta.items' doesn't exist in E:\Kumpulan Project Vs code\ProjectBetaTeam\projectteambeta\system\Database\MySQLi\Connection.php:292
Stack trace:
#0 E:\Kumpulan Project Vs code\ProjectBetaTeam\projectteambeta\system\Database\MySQLi\Connection.php(292): mysqli->query('SELECT *\nFROM `...', 0)
#1 E:\Kumpulan Project Vs code\ProjectBetaTeam\projectteambeta\system\Database\BaseConnection.php(666): CodeIgniter\Database\MySQLi\Connection->execute('SELECT *\nFROM `...')
#2 E:\Kumpulan Project Vs code\ProjectBetaTeam\projectteambeta\system\Database\BaseConnection.php(593): CodeIgniter\Database\BaseConnection->simpleQuery('SELECT *\nFROM `...')
#3 E:\Kumpulan Project Vs code\ProjectBetaTeam\projectteambeta\system\Database\BaseBuilder.php(1585): CodeIgniter\Database\BaseConnection->query('SELECT *\nFROM `...', Array, false)
#4 E:\Kumpulan Project Vs code\ProjectBetaTeam\projectteambeta\system\Model.php(772): CodeIgniter\Database\BaseBuilder->get()
#5 E:\Kumpulan Project Vs code\ProjectBetaTeam\projectteambeta\app\Models\ItemModel.php(45): CodeIgniter\Model->__call('get', Array)
#6 E:\Kumpulan Project Vs code\ProjectBetaTeam\projectteambeta\app\Controllers\Items.php(26): App\Models\ItemModel->get_all_data()
#7 E:\Kumpulan Project Vs code\ProjectBetaTeam\projectteambeta\system\CodeIgniter.php(927): App\Controllers\Items->index()
#8 E:\Kumpulan Project Vs code\ProjectBetaTeam\projectteambeta\system\CodeIgniter.php(482): CodeIgniter\CodeIgniter->runController(Object(App\Controllers\Items))
#9 E:\Kumpulan Project Vs code\ProjectBetaTeam\projectteambeta\system\CodeIgniter.php(351): CodeIgniter\CodeIgniter->handleRequest(NULL, Object(Config\Cache), false)
#10 E:\Kumpulan Project Vs code\ProjectBetaTeam\projectteambeta\public\index.php(67): CodeIgniter\CodeIgniter->run()
#11 E:\Kumpulan Project Vs code\ProjectBetaTeam\projectteambeta\system\Commands\Server\rewrite.php(46): require_once('E:\\Kumpulan Pro...')
#12 {main}
CRITICAL - 2022-11-15 02:00:38 --> Table 'projectteambeta.items' doesn't exist
in SYSTEMPATH\Database\MySQLi\Connection.php on line 292.
 1 SYSTEMPATH\Database\MySQLi\Connection.php(292): mysqli->query('SELECT *
FROM `items`', 0)
 2 SYSTEMPATH\Database\BaseConnection.php(666): CodeIgniter\Database\MySQLi\Connection->execute('SELECT *
FROM `items`')
 3 SYSTEMPATH\Database\BaseConnection.php(593): CodeIgniter\Database\BaseConnection->simpleQuery('SELECT *
FROM `items`')
 4 SYSTEMPATH\Database\BaseBuilder.php(1585): CodeIgniter\Database\BaseConnection->query('SELECT *
FROM `items`', [], false)
 5 SYSTEMPATH\Model.php(772): CodeIgniter\Database\BaseBuilder->get()
 6 APPPATH\Models\ItemModel.php(45): CodeIgniter\Model->__call('get', [])
 7 APPPATH\Controllers\Items.php(26): App\Models\ItemModel->get_all_data()
 8 SYSTEMPATH\CodeIgniter.php(927): App\Controllers\Items->index()
 9 SYSTEMPATH\CodeIgniter.php(482): CodeIgniter\CodeIgniter->runController(Object(App\Controllers\Items))
10 SYSTEMPATH\CodeIgniter.php(351): CodeIgniter\CodeIgniter->handleRequest(null, Object(Config\Cache), false)
11 FCPATH\index.php(67): CodeIgniter\CodeIgniter->run()
12 SYSTEMPATH\Commands\Server\rewrite.php(46): require_once('FCPATH\\index.php')
ERROR - 2022-11-15 02:00:46 --> mysqli_sql_exception: Table 'projectteambeta.items' doesn't exist in E:\Kumpulan Project Vs code\ProjectBetaTeam\projectteambeta\system\Database\MySQLi\Connection.php:292
Stack trace:
#0 E:\Kumpulan Project Vs code\ProjectBetaTeam\projectteambeta\system\Database\MySQLi\Connection.php(292): mysqli->query('SELECT *\nFROM `...', 0)
#1 E:\Kumpulan Project Vs code\ProjectBetaTeam\projectteambeta\system\Database\BaseConnection.php(666): CodeIgniter\Database\MySQLi\Connection->execute('SELECT *\nFROM `...')
#2 E:\Kumpulan Project Vs code\ProjectBetaTeam\projectteambeta\system\Database\BaseConnection.php(593): CodeIgniter\Database\BaseConnection->simpleQuery('SELECT *\nFROM `...')
#3 E:\Kumpulan Project Vs code\ProjectBetaTeam\projectteambeta\system\Database\BaseBuilder.php(1585): CodeIgniter\Database\BaseConnection->query('SELECT *\nFROM `...', Array, false)
#4 E:\Kumpulan Project Vs code\ProjectBetaTeam\projectteambeta\system\Model.php(772): CodeIgniter\Database\BaseBuilder->get()
#5 E:\Kumpulan Project Vs code\ProjectBetaTeam\projectteambeta\app\Models\ItemModel.php(45): CodeIgniter\Model->__call('get', Array)
#6 E:\Kumpulan Project Vs code\ProjectBetaTeam\projectteambeta\app\Controllers\Items.php(26): App\Models\ItemModel->get_all_data()
#7 E:\Kumpulan Project Vs code\ProjectBetaTeam\projectteambeta\system\CodeIgniter.php(927): App\Controllers\Items->index()
#8 E:\Kumpulan Project Vs code\ProjectBetaTeam\projectteambeta\system\CodeIgniter.php(482): CodeIgniter\CodeIgniter->runController(Object(App\Controllers\Items))
#9 E:\Kumpulan Project Vs code\ProjectBetaTeam\projectteambeta\system\CodeIgniter.php(351): CodeIgniter\CodeIgniter->handleRequest(NULL, Object(Config\Cache), false)
#10 E:\Kumpulan Project Vs code\ProjectBetaTeam\projectteambeta\public\index.php(67): CodeIgniter\CodeIgniter->run()
#11 E:\Kumpulan Project Vs code\ProjectBetaTeam\projectteambeta\system\Commands\Server\rewrite.php(46): require_once('E:\\Kumpulan Pro...')
#12 {main}
CRITICAL - 2022-11-15 02:00:46 --> Table 'projectteambeta.items' doesn't exist
in SYSTEMPATH\Database\MySQLi\Connection.php on line 292.
 1 SYSTEMPATH\Database\MySQLi\Connection.php(292): mysqli->query('SELECT *
FROM `items`', 0)
 2 SYSTEMPATH\Database\BaseConnection.php(666): CodeIgniter\Database\MySQLi\Connection->execute('SELECT *
FROM `items`')
 3 SYSTEMPATH\Database\BaseConnection.php(593): CodeIgniter\Database\BaseConnection->simpleQuery('SELECT *
FROM `items`')
 4 SYSTEMPATH\Database\BaseBuilder.php(1585): CodeIgniter\Database\BaseConnection->query('SELECT *
FROM `items`', [], false)
 5 SYSTEMPATH\Model.php(772): CodeIgniter\Database\BaseBuilder->get()
 6 APPPATH\Models\ItemModel.php(45): CodeIgniter\Model->__call('get', [])
 7 APPPATH\Controllers\Items.php(26): App\Models\ItemModel->get_all_data()
 8 SYSTEMPATH\CodeIgniter.php(927): App\Controllers\Items->index()
 9 SYSTEMPATH\CodeIgniter.php(482): CodeIgniter\CodeIgniter->runController(Object(App\Controllers\Items))
10 SYSTEMPATH\CodeIgniter.php(351): CodeIgniter\CodeIgniter->handleRequest(null, Object(Config\Cache), false)
11 FCPATH\index.php(67): CodeIgniter\CodeIgniter->run()
12 SYSTEMPATH\Commands\Server\rewrite.php(46): require_once('FCPATH\\index.php')
ERROR - 2022-11-15 02:02:12 --> mysqli_sql_exception: Unknown table 'projectteambeta.items' in E:\Kumpulan Project Vs code\ProjectBetaTeam\projectteambeta\system\Database\MySQLi\Connection.php:292
Stack trace:
#0 E:\Kumpulan Project Vs code\ProjectBetaTeam\projectteambeta\system\Database\MySQLi\Connection.php(292): mysqli->query('DROP TABLE `ite...', 0)
#1 E:\Kumpulan Project Vs code\ProjectBetaTeam\projectteambeta\system\Database\BaseConnection.php(666): CodeIgniter\Database\MySQLi\Connection->execute('DROP TABLE `ite...')
#2 E:\Kumpulan Project Vs code\ProjectBetaTeam\projectteambeta\system\Database\BaseConnection.php(593): CodeIgniter\Database\BaseConnection->simpleQuery('DROP TABLE `ite...')
#3 E:\Kumpulan Project Vs code\ProjectBetaTeam\projectteambeta\system\Database\Forge.php(600): CodeIgniter\Database\BaseConnection->query('DROP TABLE `ite...')
#4 E:\Kumpulan Project Vs code\ProjectBetaTeam\projectteambeta\app\Database\Migrations\2022-11-15-022814_Items.php(42): CodeIgniter\Database\Forge->dropTable('items')
#5 E:\Kumpulan Project Vs code\ProjectBetaTeam\projectteambeta\system\Database\MigrationRunner.php(868): App\Database\Migrations\Items->down()
#6 E:\Kumpulan Project Vs code\ProjectBetaTeam\projectteambeta\system\Database\MigrationRunner.php(298): CodeIgniter\Database\MigrationRunner->migrate('down', Object(stdClass))
#7 E:\Kumpulan Project Vs code\ProjectBetaTeam\projectteambeta\system\Commands\Database\MigrateRollback.php(92): CodeIgniter\Database\MigrationRunner->regress(0)
#8 E:\Kumpulan Project Vs code\ProjectBetaTeam\projectteambeta\system\CLI\Commands.php(63): CodeIgniter\Commands\Database\MigrateRollback->run(Array)
#9 E:\Kumpulan Project Vs code\ProjectBetaTeam\projectteambeta\system\CLI\BaseCommand.php(112): CodeIgniter\CLI\Commands->run('migrate:rollbac...', Array)
#10 E:\Kumpulan Project Vs code\ProjectBetaTeam\projectteambeta\system\Commands\Database\MigrateRefresh.php(84): CodeIgniter\CLI\BaseCommand->call('migrate:rollbac...', Array)
#11 E:\Kumpulan Project Vs code\ProjectBetaTeam\projectteambeta\system\CLI\Commands.php(63): CodeIgniter\Commands\Database\MigrateRefresh->run(Array)
#12 E:\Kumpulan Project Vs code\ProjectBetaTeam\projectteambeta\system\CLI\CommandRunner.php(65): CodeIgniter\CLI\Commands->run('migrate:refresh', Array)
#13 E:\Kumpulan Project Vs code\ProjectBetaTeam\projectteambeta\system\CLI\CommandRunner.php(51): CodeIgniter\CLI\CommandRunner->index(Array)
#14 E:\Kumpulan Project Vs code\ProjectBetaTeam\projectteambeta\system\CodeIgniter.php(920): CodeIgniter\CLI\CommandRunner->_remap('index', Array)
#15 E:\Kumpulan Project Vs code\ProjectBetaTeam\projectteambeta\system\CodeIgniter.php(482): CodeIgniter\CodeIgniter->runController(Object(CodeIgniter\CLI\CommandRunner))
#16 E:\Kumpulan Project Vs code\ProjectBetaTeam\projectteambeta\system\CodeIgniter.php(347): CodeIgniter\CodeIgniter->handleRequest(NULL, Object(Config\Cache), false)
#17 E:\Kumpulan Project Vs code\ProjectBetaTeam\projectteambeta\system\CLI\Console.php(48): CodeIgniter\CodeIgniter->run()
#18 E:\Kumpulan Project Vs code\ProjectBetaTeam\projectteambeta\spark(98): CodeIgniter\CLI\Console->run()
#19 {main}
ERROR - 2022-11-15 02:16:46 --> mysqli_sql_exception: Column 'publisher' cannot be null in E:\Kumpulan Project Vs code\ProjectBetaTeam\projectteambeta\system\Database\MySQLi\Connection.php:292
Stack trace:
#0 E:\Kumpulan Project Vs code\ProjectBetaTeam\projectteambeta\system\Database\MySQLi\Connection.php(292): mysqli->query('INSERT INTO `it...', 0)
#1 E:\Kumpulan Project Vs code\ProjectBetaTeam\projectteambeta\system\Database\BaseConnection.php(666): CodeIgniter\Database\MySQLi\Connection->execute('INSERT INTO `it...')
#2 E:\Kumpulan Project Vs code\ProjectBetaTeam\projectteambeta\system\Database\BaseConnection.php(593): CodeIgniter\Database\BaseConnection->simpleQuery('INSERT INTO `it...')
#3 E:\Kumpulan Project Vs code\ProjectBetaTeam\projectteambeta\system\Database\BaseBuilder.php(1916): CodeIgniter\Database\BaseConnection->query('INSERT INTO `it...', Array, false)
#4 E:\Kumpulan Project Vs code\ProjectBetaTeam\projectteambeta\system\Model.php(279): CodeIgniter\Database\BaseBuilder->insert()
#5 E:\Kumpulan Project Vs code\ProjectBetaTeam\projectteambeta\system\BaseModel.php(749): CodeIgniter\Model->doInsert(Array)
#6 E:\Kumpulan Project Vs code\ProjectBetaTeam\projectteambeta\system\Model.php(667): CodeIgniter\BaseModel->insert(Array, false)
#7 E:\Kumpulan Project Vs code\ProjectBetaTeam\projectteambeta\system\BaseModel.php(659): CodeIgniter\Model->insert(Array, false)
#8 E:\Kumpulan Project Vs code\ProjectBetaTeam\projectteambeta\app\Models\ItemModel.php(77): CodeIgniter\BaseModel->save(Array)
#9 E:\Kumpulan Project Vs code\ProjectBetaTeam\projectteambeta\app\Controllers\Items.php(52): App\Models\ItemModel->create_data(Object(CodeIgniter\HTTP\IncomingRequest))
#10 E:\Kumpulan Project Vs code\ProjectBetaTeam\projectteambeta\system\CodeIgniter.php(927): App\Controllers\Items->create()
#11 E:\Kumpulan Project Vs code\ProjectBetaTeam\projectteambeta\system\CodeIgniter.php(482): CodeIgniter\CodeIgniter->runController(Object(App\Controllers\Items))
#12 E:\Kumpulan Project Vs code\ProjectBetaTeam\projectteambeta\system\CodeIgniter.php(351): CodeIgniter\CodeIgniter->handleRequest(NULL, Object(Config\Cache), false)
#13 E:\Kumpulan Project Vs code\ProjectBetaTeam\projectteambeta\public\index.php(67): CodeIgniter\CodeIgniter->run()
#14 E:\Kumpulan Project Vs code\ProjectBetaTeam\projectteambeta\system\Commands\Server\rewrite.php(46): require_once('E:\\Kumpulan Pro...')
#15 {main}
CRITICAL - 2022-11-15 02:16:46 --> Column 'publisher' cannot be null
in SYSTEMPATH\Database\MySQLi\Connection.php on line 292.
 1 SYSTEMPATH\Database\MySQLi\Connection.php(292): mysqli->query('INSERT INTO `items` (`name`, `publisher`, `book_category`, `price`, `qty`) VALUES (\'test\', NULL, \'Komik\', \'12000\', \'1\')', 0)
 2 SYSTEMPATH\Database\BaseConnection.php(666): CodeIgniter\Database\MySQLi\Connection->execute('INSERT INTO `items` (`name`, `publisher`, `book_category`, `price`, `qty`) VALUES (\'test\', NULL, \'Komik\', \'12000\', \'1\')')
 3 SYSTEMPATH\Database\BaseConnection.php(593): CodeIgniter\Database\BaseConnection->simpleQuery('INSERT INTO `items` (`name`, `publisher`, `book_category`, `price`, `qty`) VALUES (\'test\', NULL, \'Komik\', \'12000\', \'1\')')
 4 SYSTEMPATH\Database\BaseBuilder.php(1916): CodeIgniter\Database\BaseConnection->query('INSERT INTO `items` (`name`, `publisher`, `book_category`, `price`, `qty`) VALUES (:name:, :publisher:, :book_category:, :price:, :qty:)', [...], false)
 5 SYSTEMPATH\Model.php(279): CodeIgniter\Database\BaseBuilder->insert()
 6 SYSTEMPATH\BaseModel.php(749): CodeIgniter\Model->doInsert([...])
 7 SYSTEMPATH\Model.php(667): CodeIgniter\BaseModel->insert([...], false)
 8 SYSTEMPATH\BaseModel.php(659): CodeIgniter\Model->insert([...], false)
 9 APPPATH\Models\ItemModel.php(77): CodeIgniter\BaseModel->save([...])
10 APPPATH\Controllers\Items.php(52): App\Models\ItemModel->create_data(Object(CodeIgniter\HTTP\IncomingRequest))
11 SYSTEMPATH\CodeIgniter.php(927): App\Controllers\Items->create()
12 SYSTEMPATH\CodeIgniter.php(482): CodeIgniter\CodeIgniter->runController(Object(App\Controllers\Items))
13 SYSTEMPATH\CodeIgniter.php(351): CodeIgniter\CodeIgniter->handleRequest(null, Object(Config\Cache), false)
14 FCPATH\index.php(67): CodeIgniter\CodeIgniter->run()
15 SYSTEMPATH\Commands\Server\rewrite.php(46): require_once('FCPATH\\index.php')
ERROR - 2022-11-15 02:27:38 --> mysqli_sql_exception: Column 'publisher' cannot be null in E:\Kumpulan Project Vs code\ProjectBetaTeam\projectteambeta\system\Database\MySQLi\Connection.php:292
Stack trace:
#0 E:\Kumpulan Project Vs code\ProjectBetaTeam\projectteambeta\system\Database\MySQLi\Connection.php(292): mysqli->query('INSERT INTO `it...', 0)
#1 E:\Kumpulan Project Vs code\ProjectBetaTeam\projectteambeta\system\Database\BaseConnection.php(666): CodeIgniter\Database\MySQLi\Connection->execute('INSERT INTO `it...')
#2 E:\Kumpulan Project Vs code\ProjectBetaTeam\projectteambeta\system\Database\BaseConnection.php(593): CodeIgniter\Database\BaseConnection->simpleQuery('INSERT INTO `it...')
#3 E:\Kumpulan Project Vs code\ProjectBetaTeam\projectteambeta\system\Database\BaseBuilder.php(1916): CodeIgniter\Database\BaseConnection->query('INSERT INTO `it...', Array, false)
#4 E:\Kumpulan Project Vs code\ProjectBetaTeam\projectteambeta\system\Model.php(279): CodeIgniter\Database\BaseBuilder->insert()
#5 E:\Kumpulan Project Vs code\ProjectBetaTeam\projectteambeta\system\BaseModel.php(749): CodeIgniter\Model->doInsert(Array)
#6 E:\Kumpulan Project Vs code\ProjectBetaTeam\projectteambeta\system\Model.php(667): CodeIgniter\BaseModel->insert(Array, false)
#7 E:\Kumpulan Project Vs code\ProjectBetaTeam\projectteambeta\system\BaseModel.php(659): CodeIgniter\Model->insert(Array, false)
#8 E:\Kumpulan Project Vs code\ProjectBetaTeam\projectteambeta\app\Models\ItemModel.php(77): CodeIgniter\BaseModel->save(Array)
#9 E:\Kumpulan Project Vs code\ProjectBetaTeam\projectteambeta\app\Controllers\Items.php(52): App\Models\ItemModel->create_data(Object(CodeIgniter\HTTP\IncomingRequest))
#10 E:\Kumpulan Project Vs code\ProjectBetaTeam\projectteambeta\system\CodeIgniter.php(927): App\Controllers\Items->create()
#11 E:\Kumpulan Project Vs code\ProjectBetaTeam\projectteambeta\system\CodeIgniter.php(482): CodeIgniter\CodeIgniter->runController(Object(App\Controllers\Items))
#12 E:\Kumpulan Project Vs code\ProjectBetaTeam\projectteambeta\system\CodeIgniter.php(351): CodeIgniter\CodeIgniter->handleRequest(NULL, Object(Config\Cache), false)
#13 E:\Kumpulan Project Vs code\ProjectBetaTeam\projectteambeta\public\index.php(67): CodeIgniter\CodeIgniter->run()
#14 E:\Kumpulan Project Vs code\ProjectBetaTeam\projectteambeta\system\Commands\Server\rewrite.php(46): require_once('E:\\Kumpulan Pro...')
#15 {main}
CRITICAL - 2022-11-15 02:27:38 --> Column 'publisher' cannot be null
in SYSTEMPATH\Database\MySQLi\Connection.php on line 292.
 1 SYSTEMPATH\Database\MySQLi\Connection.php(292): mysqli->query('INSERT INTO `items` (`name`, `publisher`, `book_category`, `price`, `qty`) VALUES (\'test\', NULL, \'Komik\', \'15000\', \'12\')', 0)
 2 SYSTEMPATH\Database\BaseConnection.php(666): CodeIgniter\Database\MySQLi\Connection->execute('INSERT INTO `items` (`name`, `publisher`, `book_category`, `price`, `qty`) VALUES (\'test\', NULL, \'Komik\', \'15000\', \'12\')')
 3 SYSTEMPATH\Database\BaseConnection.php(593): CodeIgniter\Database\BaseConnection->simpleQuery('INSERT INTO `items` (`name`, `publisher`, `book_category`, `price`, `qty`) VALUES (\'test\', NULL, \'Komik\', \'15000\', \'12\')')
 4 SYSTEMPATH\Database\BaseBuilder.php(1916): CodeIgniter\Database\BaseConnection->query('INSERT INTO `items` (`name`, `publisher`, `book_category`, `price`, `qty`) VALUES (:name:, :publisher:, :book_category:, :price:, :qty:)', [...], false)
 5 SYSTEMPATH\Model.php(279): CodeIgniter\Database\BaseBuilder->insert()
 6 SYSTEMPATH\BaseModel.php(749): CodeIgniter\Model->doInsert([...])
 7 SYSTEMPATH\Model.php(667): CodeIgniter\BaseModel->insert([...], false)
 8 SYSTEMPATH\BaseModel.php(659): CodeIgniter\Model->insert([...], false)
 9 APPPATH\Models\ItemModel.php(77): CodeIgniter\BaseModel->save([...])
10 APPPATH\Controllers\Items.php(52): App\Models\ItemModel->create_data(Object(CodeIgniter\HTTP\IncomingRequest))
11 SYSTEMPATH\CodeIgniter.php(927): App\Controllers\Items->create()
12 SYSTEMPATH\CodeIgniter.php(482): CodeIgniter\CodeIgniter->runController(Object(App\Controllers\Items))
13 SYSTEMPATH\CodeIgniter.php(351): CodeIgniter\CodeIgniter->handleRequest(null, Object(Config\Cache), false)
14 FCPATH\index.php(67): CodeIgniter\CodeIgniter->run()
15 SYSTEMPATH\Commands\Server\rewrite.php(46): require_once('FCPATH\\index.php')
ERROR - 2022-11-15 02:30:24 --> mysqli_sql_exception: Column 'publisher' cannot be null in E:\Kumpulan Project Vs code\ProjectBetaTeam\projectteambeta\system\Database\MySQLi\Connection.php:292
Stack trace:
#0 E:\Kumpulan Project Vs code\ProjectBetaTeam\projectteambeta\system\Database\MySQLi\Connection.php(292): mysqli->query('INSERT INTO `it...', 0)
#1 E:\Kumpulan Project Vs code\ProjectBetaTeam\projectteambeta\system\Database\BaseConnection.php(666): CodeIgniter\Database\MySQLi\Connection->execute('INSERT INTO `it...')
#2 E:\Kumpulan Project Vs code\ProjectBetaTeam\projectteambeta\system\Database\BaseConnection.php(593): CodeIgniter\Database\BaseConnection->simpleQuery('INSERT INTO `it...')
#3 E:\Kumpulan Project Vs code\ProjectBetaTeam\projectteambeta\system\Database\BaseBuilder.php(1916): CodeIgniter\Database\BaseConnection->query('INSERT INTO `it...', Array, false)
#4 E:\Kumpulan Project Vs code\ProjectBetaTeam\projectteambeta\system\Model.php(279): CodeIgniter\Database\BaseBuilder->insert()
#5 E:\Kumpulan Project Vs code\ProjectBetaTeam\projectteambeta\system\BaseModel.php(749): CodeIgniter\Model->doInsert(Array)
#6 E:\Kumpulan Project Vs code\ProjectBetaTeam\projectteambeta\system\Model.php(667): CodeIgniter\BaseModel->insert(Array, false)
#7 E:\Kumpulan Project Vs code\ProjectBetaTeam\projectteambeta\system\BaseModel.php(659): CodeIgniter\Model->insert(Array, false)
#8 E:\Kumpulan Project Vs code\ProjectBetaTeam\projectteambeta\app\Models\ItemModel.php(77): CodeIgniter\BaseModel->save(Array)
#9 E:\Kumpulan Project Vs code\ProjectBetaTeam\projectteambeta\app\Controllers\Items.php(52): App\Models\ItemModel->create_data(Object(CodeIgniter\HTTP\IncomingRequest))
#10 E:\Kumpulan Project Vs code\ProjectBetaTeam\projectteambeta\system\CodeIgniter.php(927): App\Controllers\Items->create()
#11 E:\Kumpulan Project Vs code\ProjectBetaTeam\projectteambeta\system\CodeIgniter.php(482): CodeIgniter\CodeIgniter->runController(Object(App\Controllers\Items))
#12 E:\Kumpulan Project Vs code\ProjectBetaTeam\projectteambeta\system\CodeIgniter.php(351): CodeIgniter\CodeIgniter->handleRequest(NULL, Object(Config\Cache), false)
#13 E:\Kumpulan Project Vs code\ProjectBetaTeam\projectteambeta\public\index.php(67): CodeIgniter\CodeIgniter->run()
#14 E:\Kumpulan Project Vs code\ProjectBetaTeam\projectteambeta\system\Commands\Server\rewrite.php(46): require_once('E:\\Kumpulan Pro...')
#15 {main}
CRITICAL - 2022-11-15 02:30:24 --> Column 'publisher' cannot be null
in SYSTEMPATH\Database\MySQLi\Connection.php on line 292.
 1 SYSTEMPATH\Database\MySQLi\Connection.php(292): mysqli->query('INSERT INTO `items` (`name`, `publisher`, `book_category`, `price`, `qty`) VALUES (\'test\', NULL, \'Komik\', \'15000\', \'12\')', 0)
 2 SYSTEMPATH\Database\BaseConnection.php(666): CodeIgniter\Database\MySQLi\Connection->execute('INSERT INTO `items` (`name`, `publisher`, `book_category`, `price`, `qty`) VALUES (\'test\', NULL, \'Komik\', \'15000\', \'12\')')
 3 SYSTEMPATH\Database\BaseConnection.php(593): CodeIgniter\Database\BaseConnection->simpleQuery('INSERT INTO `items` (`name`, `publisher`, `book_category`, `price`, `qty`) VALUES (\'test\', NULL, \'Komik\', \'15000\', \'12\')')
 4 SYSTEMPATH\Database\BaseBuilder.php(1916): CodeIgniter\Database\BaseConnection->query('INSERT INTO `items` (`name`, `publisher`, `book_category`, `price`, `qty`) VALUES (:name:, :publisher:, :book_category:, :price:, :qty:)', [...], false)
 5 SYSTEMPATH\Model.php(279): CodeIgniter\Database\BaseBuilder->insert()
 6 SYSTEMPATH\BaseModel.php(749): CodeIgniter\Model->doInsert([...])
 7 SYSTEMPATH\Model.php(667): CodeIgniter\BaseModel->insert([...], false)
 8 SYSTEMPATH\BaseModel.php(659): CodeIgniter\Model->insert([...], false)
 9 APPPATH\Models\ItemModel.php(77): CodeIgniter\BaseModel->save([...])
10 APPPATH\Controllers\Items.php(52): App\Models\ItemModel->create_data(Object(CodeIgniter\HTTP\IncomingRequest))
11 SYSTEMPATH\CodeIgniter.php(927): App\Controllers\Items->create()
12 SYSTEMPATH\CodeIgniter.php(482): CodeIgniter\CodeIgniter->runController(Object(App\Controllers\Items))
13 SYSTEMPATH\CodeIgniter.php(351): CodeIgniter\CodeIgniter->handleRequest(null, Object(Config\Cache), false)
14 FCPATH\index.php(67): CodeIgniter\CodeIgniter->run()
15 SYSTEMPATH\Commands\Server\rewrite.php(46): require_once('FCPATH\\index.php')
ERROR - 2022-11-15 02:44:53 --> mysqli_sql_exception: Column 'publisher' cannot be null in E:\Kumpulan Project Vs code\ProjectBetaTeam\projectteambeta\system\Database\MySQLi\Connection.php:292
Stack trace:
#0 E:\Kumpulan Project Vs code\ProjectBetaTeam\projectteambeta\system\Database\MySQLi\Connection.php(292): mysqli->query('INSERT INTO `it...', 0)
#1 E:\Kumpulan Project Vs code\ProjectBetaTeam\projectteambeta\system\Database\BaseConnection.php(666): CodeIgniter\Database\MySQLi\Connection->execute('INSERT INTO `it...')
#2 E:\Kumpulan Project Vs code\ProjectBetaTeam\projectteambeta\system\Database\BaseConnection.php(593): CodeIgniter\Database\BaseConnection->simpleQuery('INSERT INTO `it...')
#3 E:\Kumpulan Project Vs code\ProjectBetaTeam\projectteambeta\system\Database\BaseBuilder.php(1916): CodeIgniter\Database\BaseConnection->query('INSERT INTO `it...', Array, false)
#4 E:\Kumpulan Project Vs code\ProjectBetaTeam\projectteambeta\system\Model.php(279): CodeIgniter\Database\BaseBuilder->insert()
#5 E:\Kumpulan Project Vs code\ProjectBetaTeam\projectteambeta\system\BaseModel.php(749): CodeIgniter\Model->doInsert(Array)
#6 E:\Kumpulan Project Vs code\ProjectBetaTeam\projectteambeta\system\Model.php(667): CodeIgniter\BaseModel->insert(Array, false)
#7 E:\Kumpulan Project Vs code\ProjectBetaTeam\projectteambeta\system\BaseModel.php(659): CodeIgniter\Model->insert(Array, false)
#8 E:\Kumpulan Project Vs code\ProjectBetaTeam\projectteambeta\app\Models\ItemModel.php(77): CodeIgniter\BaseModel->save(Array)
#9 E:\Kumpulan Project Vs code\ProjectBetaTeam\projectteambeta\app\Controllers\Items.php(52): App\Models\ItemModel->create_data(Object(CodeIgniter\HTTP\IncomingRequest))
#10 E:\Kumpulan Project Vs code\ProjectBetaTeam\projectteambeta\system\CodeIgniter.php(927): App\Controllers\Items->create()
#11 E:\Kumpulan Project Vs code\ProjectBetaTeam\projectteambeta\system\CodeIgniter.php(482): CodeIgniter\CodeIgniter->runController(Object(App\Controllers\Items))
#12 E:\Kumpulan Project Vs code\ProjectBetaTeam\projectteambeta\system\CodeIgniter.php(351): CodeIgniter\CodeIgniter->handleRequest(NULL, Object(Config\Cache), false)
#13 E:\Kumpulan Project Vs code\ProjectBetaTeam\projectteambeta\public\index.php(67): CodeIgniter\CodeIgniter->run()
#14 E:\Kumpulan Project Vs code\ProjectBetaTeam\projectteambeta\system\Commands\Server\rewrite.php(46): require_once('E:\\Kumpulan Pro...')
#15 {main}
CRITICAL - 2022-11-15 02:44:53 --> Column 'publisher' cannot be null
in SYSTEMPATH\Database\MySQLi\Connection.php on line 292.
 1 SYSTEMPATH\Database\MySQLi\Connection.php(292): mysqli->query('INSERT INTO `items` (`name`, `publisher`, `book_category`, `price`, `qty`) VALUES (\'dwdw\', NULL, \'Komik\', \'12000\', \'1\')', 0)
 2 SYSTEMPATH\Database\BaseConnection.php(666): CodeIgniter\Database\MySQLi\Connection->execute('INSERT INTO `items` (`name`, `publisher`, `book_category`, `price`, `qty`) VALUES (\'dwdw\', NULL, \'Komik\', \'12000\', \'1\')')
 3 SYSTEMPATH\Database\BaseConnection.php(593): CodeIgniter\Database\BaseConnection->simpleQuery('INSERT INTO `items` (`name`, `publisher`, `book_category`, `price`, `qty`) VALUES (\'dwdw\', NULL, \'Komik\', \'12000\', \'1\')')
 4 SYSTEMPATH\Database\BaseBuilder.php(1916): CodeIgniter\Database\BaseConnection->query('INSERT INTO `items` (`name`, `publisher`, `book_category`, `price`, `qty`) VALUES (:name:, :publisher:, :book_category:, :price:, :qty:)', [...], false)
 5 SYSTEMPATH\Model.php(279): CodeIgniter\Database\BaseBuilder->insert()
 6 SYSTEMPATH\BaseModel.php(749): CodeIgniter\Model->doInsert([...])
 7 SYSTEMPATH\Model.php(667): CodeIgniter\BaseModel->insert([...], false)
 8 SYSTEMPATH\BaseModel.php(659): CodeIgniter\Model->insert([...], false)
 9 APPPATH\Models\ItemModel.php(77): CodeIgniter\BaseModel->save([...])
10 APPPATH\Controllers\Items.php(52): App\Models\ItemModel->create_data(Object(CodeIgniter\HTTP\IncomingRequest))
11 SYSTEMPATH\CodeIgniter.php(927): App\Controllers\Items->create()
12 SYSTEMPATH\CodeIgniter.php(482): CodeIgniter\CodeIgniter->runController(Object(App\Controllers\Items))
13 SYSTEMPATH\CodeIgniter.php(351): CodeIgniter\CodeIgniter->handleRequest(null, Object(Config\Cache), false)
14 FCPATH\index.php(67): CodeIgniter\CodeIgniter->run()
15 SYSTEMPATH\Commands\Server\rewrite.php(46): require_once('FCPATH\\index.php')
CRITICAL - 2022-11-15 02:51:50 --> Trying to get property 'name' of non-object
in APPPATH\Views\items\index.php on line 35.
 1 APPPATH\Views\items\index.php(35): CodeIgniter\Debug\Exceptions->errorHandler(8, 'Trying to get property \'name\' of non-object', 'APPPATH\\Views\\items\\index.php', 35, [...])
 2 SYSTEMPATH\View\View.php(213): include('APPPATH\\Views\\items\\index.php')
 3 SYSTEMPATH\View\View.php(216): CodeIgniter\View\View->CodeIgniter\View\{closure}()
 4 SYSTEMPATH\Common.php(1134): CodeIgniter\View\View->render('items/index', [], true)
 5 APPPATH\Views\layout.php(14): view('items/index')
 6 SYSTEMPATH\View\View.php(213): include('APPPATH\\Views\\layout.php')
 7 SYSTEMPATH\View\View.php(216): CodeIgniter\View\View->CodeIgniter\View\{closure}()
 8 SYSTEMPATH\Common.php(1134): CodeIgniter\View\View->render('layout', [], true)
 9 APPPATH\Controllers\Items.php(27): view('layout', [...])
10 SYSTEMPATH\CodeIgniter.php(927): App\Controllers\Items->index()
11 SYSTEMPATH\CodeIgniter.php(482): CodeIgniter\CodeIgniter->runController(Object(App\Controllers\Items))
12 SYSTEMPATH\CodeIgniter.php(351): CodeIgniter\CodeIgniter->handleRequest(null, Object(Config\Cache), false)
13 FCPATH\index.php(67): CodeIgniter\CodeIgniter->run()
14 SYSTEMPATH\Commands\Server\rewrite.php(46): require_once('FCPATH\\index.php')
CRITICAL - 2022-11-15 03:06:33 --> Cannot use object of type stdClass as array
in APPPATH\Views\items\_items.php on line 22.
 1 SYSTEMPATH\View\View.php(213): include()
 2 SYSTEMPATH\View\View.php(216): CodeIgniter\View\View->CodeIgniter\View\{closure}()
 3 SYSTEMPATH\Common.php(1134): CodeIgniter\View\View->render('items/_items', [], true)
 4 APPPATH\Views\items\index.php(24): view('items/_items', [...])
 5 SYSTEMPATH\View\View.php(213): include('APPPATH\\Views\\items\\index.php')
 6 SYSTEMPATH\View\View.php(216): CodeIgniter\View\View->CodeIgniter\View\{closure}()
 7 SYSTEMPATH\Common.php(1134): CodeIgniter\View\View->render('items/index', [], true)
 8 APPPATH\Views\layout.php(14): view('items/index')
 9 SYSTEMPATH\View\View.php(213): include('APPPATH\\Views\\layout.php')
10 SYSTEMPATH\View\View.php(216): CodeIgniter\View\View->CodeIgniter\View\{closure}()
11 SYSTEMPATH\Common.php(1134): CodeIgniter\View\View->render('layout', [], true)
12 APPPATH\Controllers\Items.php(27): view('layout', [...])
13 SYSTEMPATH\CodeIgniter.php(927): App\Controllers\Items->index()
14 SYSTEMPATH\CodeIgniter.php(482): CodeIgniter\CodeIgniter->runController(Object(App\Controllers\Items))
15 SYSTEMPATH\CodeIgniter.php(351): CodeIgniter\CodeIgniter->handleRequest(null, Object(Config\Cache), false)
16 FCPATH\index.php(67): CodeIgniter\CodeIgniter->run()
17 SYSTEMPATH\Commands\Server\rewrite.php(46): require_once('FCPATH\\index.php')
CRITICAL - 2022-11-15 03:09:36 --> Cannot use object of type stdClass as array
in APPPATH\Views\items\_items.php on line 22.
 1 SYSTEMPATH\View\View.php(213): include()
 2 SYSTEMPATH\View\View.php(216): CodeIgniter\View\View->CodeIgniter\View\{closure}()
 3 SYSTEMPATH\Common.php(1134): CodeIgniter\View\View->render('items/_items', [], true)
 4 APPPATH\Views\items\index.php(24): view('items/_items', [...])
 5 SYSTEMPATH\View\View.php(213): include('APPPATH\\Views\\items\\index.php')
 6 SYSTEMPATH\View\View.php(216): CodeIgniter\View\View->CodeIgniter\View\{closure}()
 7 SYSTEMPATH\Common.php(1134): CodeIgniter\View\View->render('items/index', [], true)
 8 APPPATH\Views\layout.php(14): view('items/index')
 9 SYSTEMPATH\View\View.php(213): include('APPPATH\\Views\\layout.php')
10 SYSTEMPATH\View\View.php(216): CodeIgniter\View\View->CodeIgniter\View\{closure}()
11 SYSTEMPATH\Common.php(1134): CodeIgniter\View\View->render('layout', [], true)
12 APPPATH\Controllers\Items.php(27): view('layout', [...])
13 SYSTEMPATH\CodeIgniter.php(927): App\Controllers\Items->index()
14 SYSTEMPATH\CodeIgniter.php(482): CodeIgniter\CodeIgniter->runController(Object(App\Controllers\Items))
15 SYSTEMPATH\CodeIgniter.php(351): CodeIgniter\CodeIgniter->handleRequest(null, Object(Config\Cache), false)
16 FCPATH\index.php(67): CodeIgniter\CodeIgniter->run()
17 SYSTEMPATH\Commands\Server\rewrite.php(46): require_once('FCPATH\\index.php')
CRITICAL - 2022-11-15 22:01:46 --> Cannot use object of type stdClass as array
in APPPATH\Views\items\_items.php on line 22.
 1 SYSTEMPATH\View\View.php(213): include()
 2 SYSTEMPATH\View\View.php(216): CodeIgniter\View\View->CodeIgniter\View\{closure}()
 3 SYSTEMPATH\Common.php(1134): CodeIgniter\View\View->render('items/_items', [], true)
 4 APPPATH\Views\items\index.php(24): view('items/_items', [...])
 5 SYSTEMPATH\View\View.php(213): include('APPPATH\\Views\\items\\index.php')
 6 SYSTEMPATH\View\View.php(216): CodeIgniter\View\View->CodeIgniter\View\{closure}()
 7 SYSTEMPATH\Common.php(1134): CodeIgniter\View\View->render('items/index', [], true)
 8 APPPATH\Views\layout.php(14): view('items/index')
 9 SYSTEMPATH\View\View.php(213): include('APPPATH\\Views\\layout.php')
10 SYSTEMPATH\View\View.php(216): CodeIgniter\View\View->CodeIgniter\View\{closure}()
11 SYSTEMPATH\Common.php(1134): CodeIgniter\View\View->render('layout', [], true)
12 APPPATH\Controllers\Items.php(27): view('layout', [...])
13 SYSTEMPATH\CodeIgniter.php(927): App\Controllers\Items->index()
14 SYSTEMPATH\CodeIgniter.php(482): CodeIgniter\CodeIgniter->runController(Object(App\Controllers\Items))
15 SYSTEMPATH\CodeIgniter.php(351): CodeIgniter\CodeIgniter->handleRequest(null, Object(Config\Cache), false)
16 FCPATH\index.php(67): CodeIgniter\CodeIgniter->run()
17 SYSTEMPATH\Commands\Server\rewrite.php(46): require_once('FCPATH\\index.php')
CRITICAL - 2022-11-15 22:02:39 --> Cannot use object of type stdClass as array
in APPPATH\Views\items\_items.php on line 22.
 1 SYSTEMPATH\View\View.php(213): include()
 2 SYSTEMPATH\View\View.php(216): CodeIgniter\View\View->CodeIgniter\View\{closure}()
 3 SYSTEMPATH\Common.php(1134): CodeIgniter\View\View->render('items/_items', [], true)
 4 APPPATH\Views\items\index.php(24): view('items/_items', [...])
 5 SYSTEMPATH\View\View.php(213): include('APPPATH\\Views\\items\\index.php')
 6 SYSTEMPATH\View\View.php(216): CodeIgniter\View\View->CodeIgniter\View\{closure}()
 7 SYSTEMPATH\Common.php(1134): CodeIgniter\View\View->render('items/index', [], true)
 8 APPPATH\Views\layout.php(14): view('items/index')
 9 SYSTEMPATH\View\View.php(213): include('APPPATH\\Views\\layout.php')
10 SYSTEMPATH\View\View.php(216): CodeIgniter\View\View->CodeIgniter\View\{closure}()
11 SYSTEMPATH\Common.php(1134): CodeIgniter\View\View->render('layout', [], true)
12 APPPATH\Controllers\Items.php(27): view('layout', [...])
13 SYSTEMPATH\CodeIgniter.php(927): App\Controllers\Items->index()
14 SYSTEMPATH\CodeIgniter.php(482): CodeIgniter\CodeIgniter->runController(Object(App\Controllers\Items))
15 SYSTEMPATH\CodeIgniter.php(351): CodeIgniter\CodeIgniter->handleRequest(null, Object(Config\Cache), false)
16 FCPATH\index.php(67): CodeIgniter\CodeIgniter->run()
17 SYSTEMPATH\Commands\Server\rewrite.php(46): require_once('FCPATH\\index.php')
CRITICAL - 2022-11-15 22:06:32 --> Cannot use object of type stdClass as array
in APPPATH\Views\items\_items.php on line 22.
 1 SYSTEMPATH\View\View.php(213): include()
 2 SYSTEMPATH\View\View.php(216): CodeIgniter\View\View->CodeIgniter\View\{closure}()
 3 SYSTEMPATH\Common.php(1134): CodeIgniter\View\View->render('items/_items', [], true)
 4 APPPATH\Views\items\index.php(24): view('items/_items', [...])
 5 SYSTEMPATH\View\View.php(213): include('APPPATH\\Views\\items\\index.php')
 6 SYSTEMPATH\View\View.php(216): CodeIgniter\View\View->CodeIgniter\View\{closure}()
 7 SYSTEMPATH\Common.php(1134): CodeIgniter\View\View->render('items/index', [], true)
 8 APPPATH\Views\layout.php(14): view('items/index')
 9 SYSTEMPATH\View\View.php(213): include('APPPATH\\Views\\layout.php')
10 SYSTEMPATH\View\View.php(216): CodeIgniter\View\View->CodeIgniter\View\{closure}()
11 SYSTEMPATH\Common.php(1134): CodeIgniter\View\View->render('layout', [], true)
12 APPPATH\Controllers\Items.php(27): view('layout', [...])
13 SYSTEMPATH\CodeIgniter.php(927): App\Controllers\Items->index()
14 SYSTEMPATH\CodeIgniter.php(482): CodeIgniter\CodeIgniter->runController(Object(App\Controllers\Items))
15 SYSTEMPATH\CodeIgniter.php(351): CodeIgniter\CodeIgniter->handleRequest(null, Object(Config\Cache), false)
16 FCPATH\index.php(67): CodeIgniter\CodeIgniter->run()
17 SYSTEMPATH\Commands\Server\rewrite.php(46): require_once('FCPATH\\index.php')
CRITICAL - 2022-11-15 22:06:37 --> Cannot use object of type stdClass as array
in APPPATH\Views\items\_items.php on line 22.
 1 SYSTEMPATH\View\View.php(213): include()
 2 SYSTEMPATH\View\View.php(216): CodeIgniter\View\View->CodeIgniter\View\{closure}()
 3 SYSTEMPATH\Common.php(1134): CodeIgniter\View\View->render('items/_items', [], true)
 4 APPPATH\Views\items\index.php(24): view('items/_items', [...])
 5 SYSTEMPATH\View\View.php(213): include('APPPATH\\Views\\items\\index.php')
 6 SYSTEMPATH\View\View.php(216): CodeIgniter\View\View->CodeIgniter\View\{closure}()
 7 SYSTEMPATH\Common.php(1134): CodeIgniter\View\View->render('items/index', [], true)
 8 APPPATH\Views\layout.php(14): view('items/index')
 9 SYSTEMPATH\View\View.php(213): include('APPPATH\\Views\\layout.php')
10 SYSTEMPATH\View\View.php(216): CodeIgniter\View\View->CodeIgniter\View\{closure}()
11 SYSTEMPATH\Common.php(1134): CodeIgniter\View\View->render('layout', [], true)
12 APPPATH\Controllers\Items.php(27): view('layout', [...])
13 SYSTEMPATH\CodeIgniter.php(927): App\Controllers\Items->index()
14 SYSTEMPATH\CodeIgniter.php(482): CodeIgniter\CodeIgniter->runController(Object(App\Controllers\Items))
15 SYSTEMPATH\CodeIgniter.php(351): CodeIgniter\CodeIgniter->handleRequest(null, Object(Config\Cache), false)
16 FCPATH\index.php(67): CodeIgniter\CodeIgniter->run()
17 SYSTEMPATH\Commands\Server\rewrite.php(46): require_once('FCPATH\\index.php')
CRITICAL - 2022-11-15 22:06:53 --> Cannot use object of type stdClass as array
in APPPATH\Views\items\_items.php on line 22.
 1 SYSTEMPATH\View\View.php(213): include()
 2 SYSTEMPATH\View\View.php(216): CodeIgniter\View\View->CodeIgniter\View\{closure}()
 3 SYSTEMPATH\Common.php(1134): CodeIgniter\View\View->render('items/_items', [], true)
 4 APPPATH\Views\items\index.php(24): view('items/_items', [...])
 5 SYSTEMPATH\View\View.php(213): include('APPPATH\\Views\\items\\index.php')
 6 SYSTEMPATH\View\View.php(216): CodeIgniter\View\View->CodeIgniter\View\{closure}()
 7 SYSTEMPATH\Common.php(1134): CodeIgniter\View\View->render('items/index', [], true)
 8 APPPATH\Views\layout.php(14): view('items/index')
 9 SYSTEMPATH\View\View.php(213): include('APPPATH\\Views\\layout.php')
10 SYSTEMPATH\View\View.php(216): CodeIgniter\View\View->CodeIgniter\View\{closure}()
11 SYSTEMPATH\Common.php(1134): CodeIgniter\View\View->render('layout', [], true)
12 APPPATH\Controllers\Items.php(27): view('layout', [...])
13 SYSTEMPATH\CodeIgniter.php(927): App\Controllers\Items->index()
14 SYSTEMPATH\CodeIgniter.php(482): CodeIgniter\CodeIgniter->runController(Object(App\Controllers\Items))
15 SYSTEMPATH\CodeIgniter.php(351): CodeIgniter\CodeIgniter->handleRequest(null, Object(Config\Cache), false)
16 FCPATH\index.php(67): CodeIgniter\CodeIgniter->run()
17 SYSTEMPATH\Commands\Server\rewrite.php(46): require_once('FCPATH\\index.php')
CRITICAL - 2022-11-15 22:08:32 --> Cannot use object of type stdClass as array
in APPPATH\Views\items\_items.php on line 20.
 1 SYSTEMPATH\View\View.php(213): include()
 2 SYSTEMPATH\View\View.php(216): CodeIgniter\View\View->CodeIgniter\View\{closure}()
 3 SYSTEMPATH\Common.php(1134): CodeIgniter\View\View->render('items/_items', [], true)
 4 APPPATH\Views\items\index.php(24): view('items/_items', [...])
 5 SYSTEMPATH\View\View.php(213): include('APPPATH\\Views\\items\\index.php')
 6 SYSTEMPATH\View\View.php(216): CodeIgniter\View\View->CodeIgniter\View\{closure}()
 7 SYSTEMPATH\Common.php(1134): CodeIgniter\View\View->render('items/index', [], true)
 8 APPPATH\Views\layout.php(14): view('items/index')
 9 SYSTEMPATH\View\View.php(213): include('APPPATH\\Views\\layout.php')
10 SYSTEMPATH\View\View.php(216): CodeIgniter\View\View->CodeIgniter\View\{closure}()
11 SYSTEMPATH\Common.php(1134): CodeIgniter\View\View->render('layout', [], true)
12 APPPATH\Controllers\Items.php(27): view('layout', [...])
13 SYSTEMPATH\CodeIgniter.php(927): App\Controllers\Items->index()
14 SYSTEMPATH\CodeIgniter.php(482): CodeIgniter\CodeIgniter->runController(Object(App\Controllers\Items))
15 SYSTEMPATH\CodeIgniter.php(351): CodeIgniter\CodeIgniter->handleRequest(null, Object(Config\Cache), false)
16 FCPATH\index.php(67): CodeIgniter\CodeIgniter->run()
17 SYSTEMPATH\Commands\Server\rewrite.php(46): require_once('FCPATH\\index.php')
CRITICAL - 2022-11-15 22:08:40 --> Cannot use object of type stdClass as array
in APPPATH\Views\items\_items.php on line 20.
 1 SYSTEMPATH\View\View.php(213): include()
 2 SYSTEMPATH\View\View.php(216): CodeIgniter\View\View->CodeIgniter\View\{closure}()
 3 SYSTEMPATH\Common.php(1134): CodeIgniter\View\View->render('items/_items', [], true)
 4 APPPATH\Views\items\index.php(24): view('items/_items', [...])
 5 SYSTEMPATH\View\View.php(213): include('APPPATH\\Views\\items\\index.php')
 6 SYSTEMPATH\View\View.php(216): CodeIgniter\View\View->CodeIgniter\View\{closure}()
 7 SYSTEMPATH\Common.php(1134): CodeIgniter\View\View->render('items/index', [], true)
 8 APPPATH\Views\layout.php(14): view('items/index')
 9 SYSTEMPATH\View\View.php(213): include('APPPATH\\Views\\layout.php')
10 SYSTEMPATH\View\View.php(216): CodeIgniter\View\View->CodeIgniter\View\{closure}()
11 SYSTEMPATH\Common.php(1134): CodeIgniter\View\View->render('layout', [], true)
12 APPPATH\Controllers\Items.php(27): view('layout', [...])
13 SYSTEMPATH\CodeIgniter.php(927): App\Controllers\Items->index()
14 SYSTEMPATH\CodeIgniter.php(482): CodeIgniter\CodeIgniter->runController(Object(App\Controllers\Items))
15 SYSTEMPATH\CodeIgniter.php(351): CodeIgniter\CodeIgniter->handleRequest(null, Object(Config\Cache), false)
16 FCPATH\index.php(67): CodeIgniter\CodeIgniter->run()
17 SYSTEMPATH\Commands\Server\rewrite.php(46): require_once('FCPATH\\index.php')
CRITICAL - 2022-11-15 22:09:01 --> Cannot use object of type stdClass as array
in APPPATH\Views\items\_items.php on line 22.
 1 SYSTEMPATH\View\View.php(213): include()
 2 SYSTEMPATH\View\View.php(216): CodeIgniter\View\View->CodeIgniter\View\{closure}()
 3 SYSTEMPATH\Common.php(1134): CodeIgniter\View\View->render('items/_items', [], true)
 4 APPPATH\Views\items\index.php(24): view('items/_items', [...])
 5 SYSTEMPATH\View\View.php(213): include('APPPATH\\Views\\items\\index.php')
 6 SYSTEMPATH\View\View.php(216): CodeIgniter\View\View->CodeIgniter\View\{closure}()
 7 SYSTEMPATH\Common.php(1134): CodeIgniter\View\View->render('items/index', [], true)
 8 APPPATH\Views\layout.php(14): view('items/index')
 9 SYSTEMPATH\View\View.php(213): include('APPPATH\\Views\\layout.php')
10 SYSTEMPATH\View\View.php(216): CodeIgniter\View\View->CodeIgniter\View\{closure}()
11 SYSTEMPATH\Common.php(1134): CodeIgniter\View\View->render('layout', [], true)
12 APPPATH\Controllers\Items.php(27): view('layout', [...])
13 SYSTEMPATH\CodeIgniter.php(927): App\Controllers\Items->index()
14 SYSTEMPATH\CodeIgniter.php(482): CodeIgniter\CodeIgniter->runController(Object(App\Controllers\Items))
15 SYSTEMPATH\CodeIgniter.php(351): CodeIgniter\CodeIgniter->handleRequest(null, Object(Config\Cache), false)
16 FCPATH\index.php(67): CodeIgniter\CodeIgniter->run()
17 SYSTEMPATH\Commands\Server\rewrite.php(46): require_once('FCPATH\\index.php')
CRITICAL - 2022-11-15 22:09:27 --> Cannot use object of type stdClass as array
in APPPATH\Views\items\_items.php on line 20.
 1 SYSTEMPATH\View\View.php(213): include()
 2 SYSTEMPATH\View\View.php(216): CodeIgniter\View\View->CodeIgniter\View\{closure}()
 3 SYSTEMPATH\Common.php(1134): CodeIgniter\View\View->render('items/_items', [], true)
 4 APPPATH\Views\items\index.php(24): view('items/_items', [...])
 5 SYSTEMPATH\View\View.php(213): include('APPPATH\\Views\\items\\index.php')
 6 SYSTEMPATH\View\View.php(216): CodeIgniter\View\View->CodeIgniter\View\{closure}()
 7 SYSTEMPATH\Common.php(1134): CodeIgniter\View\View->render('items/index', [], true)
 8 APPPATH\Views\layout.php(14): view('items/index')
 9 SYSTEMPATH\View\View.php(213): include('APPPATH\\Views\\layout.php')
10 SYSTEMPATH\View\View.php(216): CodeIgniter\View\View->CodeIgniter\View\{closure}()
11 SYSTEMPATH\Common.php(1134): CodeIgniter\View\View->render('layout', [], true)
12 APPPATH\Controllers\Items.php(27): view('layout', [...])
13 SYSTEMPATH\CodeIgniter.php(927): App\Controllers\Items->index()
14 SYSTEMPATH\CodeIgniter.php(482): CodeIgniter\CodeIgniter->runController(Object(App\Controllers\Items))
15 SYSTEMPATH\CodeIgniter.php(351): CodeIgniter\CodeIgniter->handleRequest(null, Object(Config\Cache), false)
16 FCPATH\index.php(67): CodeIgniter\CodeIgniter->run()
17 SYSTEMPATH\Commands\Server\rewrite.php(46): require_once('FCPATH\\index.php')
CRITICAL - 2022-11-15 22:09:52 --> Cannot use object of type stdClass as array
in APPPATH\Views\items\_items.php on line 22.
 1 SYSTEMPATH\View\View.php(213): include()
 2 SYSTEMPATH\View\View.php(216): CodeIgniter\View\View->CodeIgniter\View\{closure}()
 3 SYSTEMPATH\Common.php(1134): CodeIgniter\View\View->render('items/_items', [], true)
 4 APPPATH\Views\items\index.php(24): view('items/_items', [...])
 5 SYSTEMPATH\View\View.php(213): include('APPPATH\\Views\\items\\index.php')
 6 SYSTEMPATH\View\View.php(216): CodeIgniter\View\View->CodeIgniter\View\{closure}()
 7 SYSTEMPATH\Common.php(1134): CodeIgniter\View\View->render('items/index', [], true)
 8 APPPATH\Views\layout.php(14): view('items/index')
 9 SYSTEMPATH\View\View.php(213): include('APPPATH\\Views\\layout.php')
10 SYSTEMPATH\View\View.php(216): CodeIgniter\View\View->CodeIgniter\View\{closure}()
11 SYSTEMPATH\Common.php(1134): CodeIgniter\View\View->render('layout', [], true)
12 APPPATH\Controllers\Items.php(27): view('layout', [...])
13 SYSTEMPATH\CodeIgniter.php(927): App\Controllers\Items->index()
14 SYSTEMPATH\CodeIgniter.php(482): CodeIgniter\CodeIgniter->runController(Object(App\Controllers\Items))
15 SYSTEMPATH\CodeIgniter.php(351): CodeIgniter\CodeIgniter->handleRequest(null, Object(Config\Cache), false)
16 FCPATH\index.php(67): CodeIgniter\CodeIgniter->run()
17 SYSTEMPATH\Commands\Server\rewrite.php(46): require_once('FCPATH\\index.php')
CRITICAL - 2022-11-15 22:14:42 --> Cannot use object of type stdClass as array
in APPPATH\Views\items\_items.php on line 22.
 1 SYSTEMPATH\View\View.php(213): include()
 2 SYSTEMPATH\View\View.php(216): CodeIgniter\View\View->CodeIgniter\View\{closure}()
 3 SYSTEMPATH\Common.php(1134): CodeIgniter\View\View->render('items/_items', [], true)
 4 APPPATH\Views\items\index.php(24): view('items/_items', [...])
 5 SYSTEMPATH\View\View.php(213): include('APPPATH\\Views\\items\\index.php')
 6 SYSTEMPATH\View\View.php(216): CodeIgniter\View\View->CodeIgniter\View\{closure}()
 7 SYSTEMPATH\Common.php(1134): CodeIgniter\View\View->render('items/index', [], true)
 8 APPPATH\Views\layout.php(14): view('items/index')
 9 SYSTEMPATH\View\View.php(213): include('APPPATH\\Views\\layout.php')
10 SYSTEMPATH\View\View.php(216): CodeIgniter\View\View->CodeIgniter\View\{closure}()
11 SYSTEMPATH\Common.php(1134): CodeIgniter\View\View->render('layout', [], true)
12 APPPATH\Controllers\Items.php(27): view('layout', [...])
13 SYSTEMPATH\CodeIgniter.php(927): App\Controllers\Items->index()
14 SYSTEMPATH\CodeIgniter.php(482): CodeIgniter\CodeIgniter->runController(Object(App\Controllers\Items))
15 SYSTEMPATH\CodeIgniter.php(351): CodeIgniter\CodeIgniter->handleRequest(null, Object(Config\Cache), false)
16 FCPATH\index.php(67): CodeIgniter\CodeIgniter->run()
17 SYSTEMPATH\Commands\Server\rewrite.php(46): require_once('FCPATH\\index.php')
CRITICAL - 2022-11-15 22:14:45 --> Cannot use object of type stdClass as array
in APPPATH\Views\items\_items.php on line 22.
 1 SYSTEMPATH\View\View.php(213): include()
 2 SYSTEMPATH\View\View.php(216): CodeIgniter\View\View->CodeIgniter\View\{closure}()
 3 SYSTEMPATH\Common.php(1134): CodeIgniter\View\View->render('items/_items', [], true)
 4 APPPATH\Views\items\index.php(24): view('items/_items', [...])
 5 SYSTEMPATH\View\View.php(213): include('APPPATH\\Views\\items\\index.php')
 6 SYSTEMPATH\View\View.php(216): CodeIgniter\View\View->CodeIgniter\View\{closure}()
 7 SYSTEMPATH\Common.php(1134): CodeIgniter\View\View->render('items/index', [], true)
 8 APPPATH\Views\layout.php(14): view('items/index')
 9 SYSTEMPATH\View\View.php(213): include('APPPATH\\Views\\layout.php')
10 SYSTEMPATH\View\View.php(216): CodeIgniter\View\View->CodeIgniter\View\{closure}()
11 SYSTEMPATH\Common.php(1134): CodeIgniter\View\View->render('layout', [], true)
12 APPPATH\Controllers\Items.php(27): view('layout', [...])
13 SYSTEMPATH\CodeIgniter.php(927): App\Controllers\Items->index()
14 SYSTEMPATH\CodeIgniter.php(482): CodeIgniter\CodeIgniter->runController(Object(App\Controllers\Items))
15 SYSTEMPATH\CodeIgniter.php(351): CodeIgniter\CodeIgniter->handleRequest(null, Object(Config\Cache), false)
16 FCPATH\index.php(67): CodeIgniter\CodeIgniter->run()
17 SYSTEMPATH\Commands\Server\rewrite.php(46): require_once('FCPATH\\index.php')
